Started GET "/" for 127.0.0.1 at 2018-01-22 23:23:42 -0800
Processing by Rails::WelcomeController#index as HTML
  Rendering /Users/emilygosti/.rvm/gems/ruby-2.4.1/gems/railties-5.1.4/lib/rails/templates/rails/welcome/index.html.erb
  Rendered /Users/emilygosti/.rvm/gems/ruby-2.4.1/gems/railties-5.1.4/lib/rails/templates/rails/welcome/index.html.erb (3.4ms)
Completed 200 OK in 190ms (Views: 7.8ms)


Started GET "/" for 127.0.0.1 at 2018-01-22 23:34:56 -0800
Processing by Rails::WelcomeController#index as HTML
  Rendering /Users/emilygosti/.rvm/gems/ruby-2.4.1/gems/railties-5.1.4/lib/rails/templates/rails/welcome/index.html.erb
  Rendered /Users/emilygosti/.rvm/gems/ruby-2.4.1/gems/railties-5.1.4/lib/rails/templates/rails/welcome/index.html.erb (2.9ms)
Completed 200 OK in 7ms (Views: 4.7ms)


Started GET "/" for 127.0.0.1 at 2018-01-22 23:36:20 -0800
Processing by WelcomeController#index as HTML
  Rendering welcome/index.html.erb within layouts/application
  Rendered welcome/index.html.erb within layouts/application (1.1ms)
Completed 200 OK in 733ms (Views: 630.6ms)


Started GET "/articles/new" for 127.0.0.1 at 2018-01-22 23:48:43 -0800
  
ActionController::RoutingError (uninitialized constant ArticlesController):
  
activesupport (5.1.4) lib/active_support/inflector/methods.rb:269:in `const_get'
activesupport (5.1.4) lib/active_support/inflector/methods.rb:269:in `block in constantize'
activesupport (5.1.4) lib/active_support/inflector/methods.rb:267:in `each'
activesupport (5.1.4) lib/active_support/inflector/methods.rb:267:in `inject'
activesupport (5.1.4) lib/active_support/inflector/methods.rb:267:in `constantize'
actionpack (5.1.4) lib/action_dispatch/http/request.rb:85:in `controller_class_for'
actionpack (5.1.4) lib/action_dispatch/http/request.rb:78:in `controller_class'
actionpack (5.1.4) lib/action_dispatch/routing/route_set.rb:43:in `controller'
actionpack (5.1.4) lib/action_dispatch/routing/route_set.rb:29:in `serve'
actionpack (5.1.4) lib/action_dispatch/journey/router.rb:50:in `block in serve'
actionpack (5.1.4) lib/action_dispatch/journey/router.rb:33:in `each'
actionpack (5.1.4) lib/action_dispatch/journey/router.rb:33:in `serve'
actionpack (5.1.4) lib/action_dispatch/routing/route_set.rb:834:in `call'
rack (2.0.3) lib/rack/etag.rb:25:in `call'
rack (2.0.3) lib/rack/conditional_get.rb:25:in `call'
rack (2.0.3) lib/rack/head.rb:12:in `call'
rack (2.0.3) lib/rack/session/abstract/id.rb:232:in `context'
rack (2.0.3) lib/rack/session/abstract/id.rb:226:in `call'
actionpack (5.1.4) lib/action_dispatch/middleware/cookies.rb:613:in `call'
activerecord (5.1.4) lib/active_record/migration.rb:556:in `call'
actionpack (5.1.4) lib/action_dispatch/middleware/callbacks.rb:26:in `block in call'
activesupport (5.1.4) lib/active_support/callbacks.rb:97:in `run_callbacks'
actionpack (5.1.4) lib/action_dispatch/middleware/callbacks.rb:24:in `call'
actionpack (5.1.4) lib/action_dispatch/middleware/executor.rb:12:in `call'
actionpack (5.1.4) lib/action_dispatch/middleware/debug_exceptions.rb:59:in `call'
web-console (3.5.1) lib/web_console/middleware.rb:135:in `call_app'
web-console (3.5.1) lib/web_console/middleware.rb:28:in `block in call'
web-console (3.5.1) lib/web_console/middleware.rb:18:in `catch'
web-console (3.5.1) lib/web_console/middleware.rb:18:in `call'
actionpack (5.1.4) lib/action_dispatch/middleware/show_exceptions.rb:31:in `call'
railties (5.1.4) lib/rails/rack/logger.rb:36:in `call_app'
railties (5.1.4) lib/rails/rack/logger.rb:24:in `block in call'
activesupport (5.1.4) lib/active_support/tagged_logging.rb:69:in `block in tagged'
activesupport (5.1.4) lib/active_support/tagged_logging.rb:26:in `tagged'
activesupport (5.1.4) lib/active_support/tagged_logging.rb:69:in `tagged'
railties (5.1.4) lib/rails/rack/logger.rb:24:in `call'
sprockets-rails (3.2.1) lib/sprockets/rails/quiet_assets.rb:13:in `call'
actionpack (5.1.4) lib/action_dispatch/middleware/remote_ip.rb:79:in `call'
actionpack (5.1.4) lib/action_dispatch/middleware/request_id.rb:25:in `call'
rack (2.0.3) lib/rack/method_override.rb:22:in `call'
rack (2.0.3) lib/rack/runtime.rb:22:in `call'
activesupport (5.1.4) lib/active_support/cache/strategy/local_cache_middleware.rb:27:in `call'
actionpack (5.1.4) lib/action_dispatch/middleware/executor.rb:12:in `call'
actionpack (5.1.4) lib/action_dispatch/middleware/static.rb:125:in `call'
rack (2.0.3) lib/rack/sendfile.rb:111:in `call'
railties (5.1.4) lib/rails/engine.rb:522:in `call'
puma (3.11.2) lib/puma/configuration.rb:225:in `call'
puma (3.11.2) lib/puma/server.rb:624:in `handle_request'
puma (3.11.2) lib/puma/server.rb:438:in `process_client'
puma (3.11.2) lib/puma/server.rb:302:in `block in run'
puma (3.11.2) lib/puma/thread_pool.rb:120:in `block in spawn_thread'
Started GET "/articles/new" for 127.0.0.1 at 2018-01-22 23:50:47 -0800
  
AbstractController::ActionNotFound (The action 'new' could not be found for ArticlesController):
  
actionpack (5.1.4) lib/abstract_controller/base.rb:119:in `process'
actionview (5.1.4) lib/action_view/rendering.rb:30:in `process'
actionpack (5.1.4) lib/action_controller/metal.rb:189:in `dispatch'
actionpack (5.1.4) lib/action_controller/metal.rb:253:in `dispatch'
actionpack (5.1.4) lib/action_dispatch/routing/route_set.rb:49:in `dispatch'
actionpack (5.1.4) lib/action_dispatch/routing/route_set.rb:31:in `serve'
actionpack (5.1.4) lib/action_dispatch/journey/router.rb:50:in `block in serve'
actionpack (5.1.4) lib/action_dispatch/journey/router.rb:33:in `each'
actionpack (5.1.4) lib/action_dispatch/journey/router.rb:33:in `serve'
actionpack (5.1.4) lib/action_dispatch/routing/route_set.rb:834:in `call'
rack (2.0.3) lib/rack/etag.rb:25:in `call'
rack (2.0.3) lib/rack/conditional_get.rb:25:in `call'
rack (2.0.3) lib/rack/head.rb:12:in `call'
rack (2.0.3) lib/rack/session/abstract/id.rb:232:in `context'
rack (2.0.3) lib/rack/session/abstract/id.rb:226:in `call'
actionpack (5.1.4) lib/action_dispatch/middleware/cookies.rb:613:in `call'
activerecord (5.1.4) lib/active_record/migration.rb:556:in `call'
actionpack (5.1.4) lib/action_dispatch/middleware/callbacks.rb:26:in `block in call'
activesupport (5.1.4) lib/active_support/callbacks.rb:97:in `run_callbacks'
actionpack (5.1.4) lib/action_dispatch/middleware/callbacks.rb:24:in `call'
actionpack (5.1.4) lib/action_dispatch/middleware/executor.rb:12:in `call'
actionpack (5.1.4) lib/action_dispatch/middleware/debug_exceptions.rb:59:in `call'
web-console (3.5.1) lib/web_console/middleware.rb:135:in `call_app'
web-console (3.5.1) lib/web_console/middleware.rb:28:in `block in call'
web-console (3.5.1) lib/web_console/middleware.rb:18:in `catch'
web-console (3.5.1) lib/web_console/middleware.rb:18:in `call'
actionpack (5.1.4) lib/action_dispatch/middleware/show_exceptions.rb:31:in `call'
railties (5.1.4) lib/rails/rack/logger.rb:36:in `call_app'
railties (5.1.4) lib/rails/rack/logger.rb:24:in `block in call'
activesupport (5.1.4) lib/active_support/tagged_logging.rb:69:in `block in tagged'
activesupport (5.1.4) lib/active_support/tagged_logging.rb:26:in `tagged'
activesupport (5.1.4) lib/active_support/tagged_logging.rb:69:in `tagged'
railties (5.1.4) lib/rails/rack/logger.rb:24:in `call'
sprockets-rails (3.2.1) lib/sprockets/rails/quiet_assets.rb:13:in `call'
actionpack (5.1.4) lib/action_dispatch/middleware/remote_ip.rb:79:in `call'
actionpack (5.1.4) lib/action_dispatch/middleware/request_id.rb:25:in `call'
rack (2.0.3) lib/rack/method_override.rb:22:in `call'
rack (2.0.3) lib/rack/runtime.rb:22:in `call'
activesupport (5.1.4) lib/active_support/cache/strategy/local_cache_middleware.rb:27:in `call'
actionpack (5.1.4) lib/action_dispatch/middleware/executor.rb:12:in `call'
actionpack (5.1.4) lib/action_dispatch/middleware/static.rb:125:in `call'
rack (2.0.3) lib/rack/sendfile.rb:111:in `call'
railties (5.1.4) lib/rails/engine.rb:522:in `call'
puma (3.11.2) lib/puma/configuration.rb:225:in `call'
puma (3.11.2) lib/puma/server.rb:624:in `handle_request'
puma (3.11.2) lib/puma/server.rb:438:in `process_client'
puma (3.11.2) lib/puma/server.rb:302:in `block in run'
puma (3.11.2) lib/puma/thread_pool.rb:120:in `block in spawn_thread'
Started GET "/articles/new" for 127.0.0.1 at 2018-01-22 23:51:22 -0800
Processing by ArticlesController#new as HTML
Completed 406 Not Acceptable in 36ms


  
ActionController::UnknownFormat (ArticlesController#new is missing a template for this request format and variant.

request.formats: ["text/html"]
request.variant: []

NOTE! For XHR/Ajax or API requests, this action would normally respond with 204 No Content: an empty white screen. Since you're loading it in a web browser, we assume that you expected to actually render a template, not nothing, so we're showing an error to be extra-clear. If you expect 204 No Content, carry on. That's what you'll get from an XHR or API request. Give it a shot.):
  
actionpack (5.1.4) lib/action_controller/metal/implicit_render.rb:53:in `default_render'
actionpack (5.1.4) lib/action_controller/metal/basic_implicit_render.rb:4:in `block in send_action'
actionpack (5.1.4) lib/action_controller/metal/basic_implicit_render.rb:4:in `tap'
actionpack (5.1.4) lib/action_controller/metal/basic_implicit_render.rb:4:in `send_action'
actionpack (5.1.4) lib/abstract_controller/base.rb:186:in `process_action'
actionpack (5.1.4) lib/action_controller/metal/rendering.rb:30:in `process_action'
actionpack (5.1.4) lib/abstract_controller/callbacks.rb:20:in `block in process_action'
activesupport (5.1.4) lib/active_support/callbacks.rb:131:in `run_callbacks'
actionpack (5.1.4) lib/abstract_controller/callbacks.rb:19:in `process_action'
actionpack (5.1.4) lib/action_controller/metal/rescue.rb:20:in `process_action'
actionpack (5.1.4) lib/action_controller/metal/instrumentation.rb:32:in `block in process_action'
activesupport (5.1.4) lib/active_support/notifications.rb:166:in `block in instrument'
activesupport (5.1.4) lib/active_support/notifications/instrumenter.rb:21:in `instrument'
activesupport (5.1.4) lib/active_support/notifications.rb:166:in `instrument'
actionpack (5.1.4) lib/action_controller/metal/instrumentation.rb:30:in `process_action'
actionpack (5.1.4) lib/action_controller/metal/params_wrapper.rb:252:in `process_action'
activerecord (5.1.4) lib/active_record/railties/controller_runtime.rb:22:in `process_action'
actionpack (5.1.4) lib/abstract_controller/base.rb:124:in `process'
actionview (5.1.4) lib/action_view/rendering.rb:30:in `process'
actionpack (5.1.4) lib/action_controller/metal.rb:189:in `dispatch'
actionpack (5.1.4) lib/action_controller/metal.rb:253:in `dispatch'
actionpack (5.1.4) lib/action_dispatch/routing/route_set.rb:49:in `dispatch'
actionpack (5.1.4) lib/action_dispatch/routing/route_set.rb:31:in `serve'
actionpack (5.1.4) lib/action_dispatch/journey/router.rb:50:in `block in serve'
actionpack (5.1.4) lib/action_dispatch/journey/router.rb:33:in `each'
actionpack (5.1.4) lib/action_dispatch/journey/router.rb:33:in `serve'
actionpack (5.1.4) lib/action_dispatch/routing/route_set.rb:834:in `call'
rack (2.0.3) lib/rack/etag.rb:25:in `call'
rack (2.0.3) lib/rack/conditional_get.rb:25:in `call'
rack (2.0.3) lib/rack/head.rb:12:in `call'
rack (2.0.3) lib/rack/session/abstract/id.rb:232:in `context'
rack (2.0.3) lib/rack/session/abstract/id.rb:226:in `call'
actionpack (5.1.4) lib/action_dispatch/middleware/cookies.rb:613:in `call'
activerecord (5.1.4) lib/active_record/migration.rb:556:in `call'
actionpack (5.1.4) lib/action_dispatch/middleware/callbacks.rb:26:in `block in call'
activesupport (5.1.4) lib/active_support/callbacks.rb:97:in `run_callbacks'
actionpack (5.1.4) lib/action_dispatch/middleware/callbacks.rb:24:in `call'
actionpack (5.1.4) lib/action_dispatch/middleware/executor.rb:12:in `call'
actionpack (5.1.4) lib/action_dispatch/middleware/debug_exceptions.rb:59:in `call'
web-console (3.5.1) lib/web_console/middleware.rb:135:in `call_app'
web-console (3.5.1) lib/web_console/middleware.rb:28:in `block in call'
web-console (3.5.1) lib/web_console/middleware.rb:18:in `catch'
web-console (3.5.1) lib/web_console/middleware.rb:18:in `call'
actionpack (5.1.4) lib/action_dispatch/middleware/show_exceptions.rb:31:in `call'
railties (5.1.4) lib/rails/rack/logger.rb:36:in `call_app'
railties (5.1.4) lib/rails/rack/logger.rb:24:in `block in call'
activesupport (5.1.4) lib/active_support/tagged_logging.rb:69:in `block in tagged'
activesupport (5.1.4) lib/active_support/tagged_logging.rb:26:in `tagged'
activesupport (5.1.4) lib/active_support/tagged_logging.rb:69:in `tagged'
railties (5.1.4) lib/rails/rack/logger.rb:24:in `call'
sprockets-rails (3.2.1) lib/sprockets/rails/quiet_assets.rb:13:in `call'
actionpack (5.1.4) lib/action_dispatch/middleware/remote_ip.rb:79:in `call'
actionpack (5.1.4) lib/action_dispatch/middleware/request_id.rb:25:in `call'
rack (2.0.3) lib/rack/method_override.rb:22:in `call'
rack (2.0.3) lib/rack/runtime.rb:22:in `call'
activesupport (5.1.4) lib/active_support/cache/strategy/local_cache_middleware.rb:27:in `call'
actionpack (5.1.4) lib/action_dispatch/middleware/executor.rb:12:in `call'
actionpack (5.1.4) lib/action_dispatch/middleware/static.rb:125:in `call'
rack (2.0.3) lib/rack/sendfile.rb:111:in `call'
railties (5.1.4) lib/rails/engine.rb:522:in `call'
puma (3.11.2) lib/puma/configuration.rb:225:in `call'
puma (3.11.2) lib/puma/server.rb:624:in `handle_request'
puma (3.11.2) lib/puma/server.rb:438:in `process_client'
puma (3.11.2) lib/puma/server.rb:302:in `block in run'
puma (3.11.2) lib/puma/thread_pool.rb:120:in `block in spawn_thread'
Started GET "/articles/new" for 127.0.0.1 at 2018-01-23 00:03:18 -0800
Processing by ArticlesController#new as HTML
  Rendering articles/new.html.erb within layouts/application
  Rendered articles/new.html.erb within layouts/application (0.3ms)
Completed 200 OK in 57ms (Views: 54.9ms)


Started GET "/" for 127.0.0.1 at 2018-01-23 00:03:24 -0800
Processing by WelcomeController#index as HTML
  Rendering welcome/index.html.erb within layouts/application
  Rendered welcome/index.html.erb within layouts/application (0.3ms)
Completed 200 OK in 22ms (Views: 20.6ms)


Started GET "/articles/new" for 127.0.0.1 at 2018-01-23 00:04:55 -0800
Processing by ArticlesController#new as HTML
  Rendering articles/new.html.erb within layouts/application
  Rendered articles/new.html.erb within layouts/application (8.1ms)
Completed 200 OK in 26ms (Views: 24.6ms)


Started POST "/articles/new" for 127.0.0.1 at 2018-01-23 00:10:45 -0800
  
ActionController::RoutingError (No route matches [POST] "/articles/new"):
  
actionpack (5.1.4) lib/action_dispatch/middleware/debug_exceptions.rb:63:in `call'
web-console (3.5.1) lib/web_console/middleware.rb:135:in `call_app'
web-console (3.5.1) lib/web_console/middleware.rb:28:in `block in call'
web-console (3.5.1) lib/web_console/middleware.rb:18:in `catch'
web-console (3.5.1) lib/web_console/middleware.rb:18:in `call'
actionpack (5.1.4) lib/action_dispatch/middleware/show_exceptions.rb:31:in `call'
railties (5.1.4) lib/rails/rack/logger.rb:36:in `call_app'
railties (5.1.4) lib/rails/rack/logger.rb:24:in `block in call'
activesupport (5.1.4) lib/active_support/tagged_logging.rb:69:in `block in tagged'
activesupport (5.1.4) lib/active_support/tagged_logging.rb:26:in `tagged'
activesupport (5.1.4) lib/active_support/tagged_logging.rb:69:in `tagged'
railties (5.1.4) lib/rails/rack/logger.rb:24:in `call'
sprockets-rails (3.2.1) lib/sprockets/rails/quiet_assets.rb:13:in `call'
actionpack (5.1.4) lib/action_dispatch/middleware/remote_ip.rb:79:in `call'
actionpack (5.1.4) lib/action_dispatch/middleware/request_id.rb:25:in `call'
rack (2.0.3) lib/rack/method_override.rb:22:in `call'
rack (2.0.3) lib/rack/runtime.rb:22:in `call'
activesupport (5.1.4) lib/active_support/cache/strategy/local_cache_middleware.rb:27:in `call'
actionpack (5.1.4) lib/action_dispatch/middleware/executor.rb:12:in `call'
actionpack (5.1.4) lib/action_dispatch/middleware/static.rb:125:in `call'
rack (2.0.3) lib/rack/sendfile.rb:111:in `call'
railties (5.1.4) lib/rails/engine.rb:522:in `call'
puma (3.11.2) lib/puma/configuration.rb:225:in `call'
puma (3.11.2) lib/puma/server.rb:624:in `handle_request'
puma (3.11.2) lib/puma/server.rb:438:in `process_client'
puma (3.11.2) lib/puma/server.rb:302:in `block in run'
puma (3.11.2) lib/puma/thread_pool.rb:120:in `block in spawn_thread'
Started POST "/articles/new" for 127.0.0.1 at 2018-01-23 00:11:24 -0800
  
ActionController::RoutingError (No route matches [POST] "/articles/new"):
  
actionpack (5.1.4) lib/action_dispatch/middleware/debug_exceptions.rb:63:in `call'
web-console (3.5.1) lib/web_console/middleware.rb:135:in `call_app'
web-console (3.5.1) lib/web_console/middleware.rb:28:in `block in call'
web-console (3.5.1) lib/web_console/middleware.rb:18:in `catch'
web-console (3.5.1) lib/web_console/middleware.rb:18:in `call'
actionpack (5.1.4) lib/action_dispatch/middleware/show_exceptions.rb:31:in `call'
railties (5.1.4) lib/rails/rack/logger.rb:36:in `call_app'
railties (5.1.4) lib/rails/rack/logger.rb:24:in `block in call'
activesupport (5.1.4) lib/active_support/tagged_logging.rb:69:in `block in tagged'
activesupport (5.1.4) lib/active_support/tagged_logging.rb:26:in `tagged'
activesupport (5.1.4) lib/active_support/tagged_logging.rb:69:in `tagged'
railties (5.1.4) lib/rails/rack/logger.rb:24:in `call'
sprockets-rails (3.2.1) lib/sprockets/rails/quiet_assets.rb:13:in `call'
actionpack (5.1.4) lib/action_dispatch/middleware/remote_ip.rb:79:in `call'
actionpack (5.1.4) lib/action_dispatch/middleware/request_id.rb:25:in `call'
rack (2.0.3) lib/rack/method_override.rb:22:in `call'
rack (2.0.3) lib/rack/runtime.rb:22:in `call'
activesupport (5.1.4) lib/active_support/cache/strategy/local_cache_middleware.rb:27:in `call'
actionpack (5.1.4) lib/action_dispatch/middleware/executor.rb:12:in `call'
actionpack (5.1.4) lib/action_dispatch/middleware/static.rb:125:in `call'
rack (2.0.3) lib/rack/sendfile.rb:111:in `call'
railties (5.1.4) lib/rails/engine.rb:522:in `call'
puma (3.11.2) lib/puma/configuration.rb:225:in `call'
puma (3.11.2) lib/puma/server.rb:624:in `handle_request'
puma (3.11.2) lib/puma/server.rb:438:in `process_client'
puma (3.11.2) lib/puma/server.rb:302:in `block in run'
puma (3.11.2) lib/puma/thread_pool.rb:120:in `block in spawn_thread'
Started GET "/articles/new" for 127.0.0.1 at 2018-01-23 00:11:26 -0800
Processing by ArticlesController#new as HTML
  Rendering articles/new.html.erb within layouts/application
  Rendered articles/new.html.erb within layouts/application (4.1ms)
Completed 200 OK in 50ms (Views: 47.4ms)


Started GET "/articles/new" for 127.0.0.1 at 2018-01-23 00:11:27 -0800
Processing by ArticlesController#new as HTML
  Rendering articles/new.html.erb within layouts/application
  Rendered articles/new.html.erb within layouts/application (3.7ms)
Completed 200 OK in 32ms (Views: 30.2ms)


Started POST "/articles" for 127.0.0.1 at 2018-01-23 00:11:30 -0800
  
AbstractController::ActionNotFound (The action 'create' could not be found for ArticlesController):
  
actionpack (5.1.4) lib/abstract_controller/base.rb:119:in `process'
actionview (5.1.4) lib/action_view/rendering.rb:30:in `process'
actionpack (5.1.4) lib/action_controller/metal.rb:189:in `dispatch'
actionpack (5.1.4) lib/action_controller/metal.rb:253:in `dispatch'
actionpack (5.1.4) lib/action_dispatch/routing/route_set.rb:49:in `dispatch'
actionpack (5.1.4) lib/action_dispatch/routing/route_set.rb:31:in `serve'
actionpack (5.1.4) lib/action_dispatch/journey/router.rb:50:in `block in serve'
actionpack (5.1.4) lib/action_dispatch/journey/router.rb:33:in `each'
actionpack (5.1.4) lib/action_dispatch/journey/router.rb:33:in `serve'
actionpack (5.1.4) lib/action_dispatch/routing/route_set.rb:834:in `call'
rack (2.0.3) lib/rack/etag.rb:25:in `call'
rack (2.0.3) lib/rack/conditional_get.rb:38:in `call'
rack (2.0.3) lib/rack/head.rb:12:in `call'
rack (2.0.3) lib/rack/session/abstract/id.rb:232:in `context'
rack (2.0.3) lib/rack/session/abstract/id.rb:226:in `call'
actionpack (5.1.4) lib/action_dispatch/middleware/cookies.rb:613:in `call'
activerecord (5.1.4) lib/active_record/migration.rb:556:in `call'
actionpack (5.1.4) lib/action_dispatch/middleware/callbacks.rb:26:in `block in call'
activesupport (5.1.4) lib/active_support/callbacks.rb:97:in `run_callbacks'
actionpack (5.1.4) lib/action_dispatch/middleware/callbacks.rb:24:in `call'
actionpack (5.1.4) lib/action_dispatch/middleware/executor.rb:12:in `call'
actionpack (5.1.4) lib/action_dispatch/middleware/debug_exceptions.rb:59:in `call'
web-console (3.5.1) lib/web_console/middleware.rb:135:in `call_app'
web-console (3.5.1) lib/web_console/middleware.rb:28:in `block in call'
web-console (3.5.1) lib/web_console/middleware.rb:18:in `catch'
web-console (3.5.1) lib/web_console/middleware.rb:18:in `call'
actionpack (5.1.4) lib/action_dispatch/middleware/show_exceptions.rb:31:in `call'
railties (5.1.4) lib/rails/rack/logger.rb:36:in `call_app'
railties (5.1.4) lib/rails/rack/logger.rb:24:in `block in call'
activesupport (5.1.4) lib/active_support/tagged_logging.rb:69:in `block in tagged'
activesupport (5.1.4) lib/active_support/tagged_logging.rb:26:in `tagged'
activesupport (5.1.4) lib/active_support/tagged_logging.rb:69:in `tagged'
railties (5.1.4) lib/rails/rack/logger.rb:24:in `call'
sprockets-rails (3.2.1) lib/sprockets/rails/quiet_assets.rb:13:in `call'
actionpack (5.1.4) lib/action_dispatch/middleware/remote_ip.rb:79:in `call'
actionpack (5.1.4) lib/action_dispatch/middleware/request_id.rb:25:in `call'
rack (2.0.3) lib/rack/method_override.rb:22:in `call'
rack (2.0.3) lib/rack/runtime.rb:22:in `call'
activesupport (5.1.4) lib/active_support/cache/strategy/local_cache_middleware.rb:27:in `call'
actionpack (5.1.4) lib/action_dispatch/middleware/executor.rb:12:in `call'
actionpack (5.1.4) lib/action_dispatch/middleware/static.rb:125:in `call'
rack (2.0.3) lib/rack/sendfile.rb:111:in `call'
railties (5.1.4) lib/rails/engine.rb:522:in `call'
puma (3.11.2) lib/puma/configuration.rb:225:in `call'
puma (3.11.2) lib/puma/server.rb:624:in `handle_request'
puma (3.11.2) lib/puma/server.rb:438:in `process_client'
puma (3.11.2) lib/puma/server.rb:302:in `block in run'
puma (3.11.2) lib/puma/thread_pool.rb:120:in `block in spawn_thread'
Started GET "/articles/new" for 127.0.0.1 at 2018-01-23 00:15:56 -0800
Processing by ArticlesController#new as HTML
  Rendering articles/new.html.erb within layouts/application
  Rendered articles/new.html.erb within layouts/application (1.2ms)
Completed 200 OK in 17ms (Views: 15.5ms)


Started POST "/articles" for 127.0.0.1 at 2018-01-23 00:16:02 -0800
Processing by ArticlesController#create as HTML
  Parameters: {"utf8"=>"✓", "authenticity_token"=>"2iO5cFtusIfOX7xNVJxD5DBTYZLGyaZsEfeZEYw5mX/d4Wq1cXMrH/pM2ohFCi/KuImMxf+W2qgM+bGQAljYtg==", "article"=>{"title"=>"title", "text"=>"text"}, "commit"=>"Save Article"}
  Rendering text template
  Rendered text template (0.1ms)
Completed 200 OK in 2ms (Views: 1.6ms)


  [1m[35m (0.3ms)[0m  [1m[34mSELECT sqlite_version(*)[0m
  [1m[35m (1.2ms)[0m  [1m[35mCREATE TABLE "schema_migrations" ("version" varchar NOT NULL PRIMARY KEY)[0m
  [1m[35m (0.8ms)[0m  [1m[35mCREATE TABLE "ar_internal_metadata" ("key" varchar NOT NULL PRIMARY KEY, "value" varchar, "created_at" datetime NOT NULL, "updated_at" datetime NOT NULL)[0m
  [1m[35m (0.1ms)[0m  [1m[34mSELECT "schema_migrations"."version" FROM "schema_migrations" ORDER BY "schema_migrations"."version" ASC[0m
Migrating to CreateArticles (20180123081700)
  [1m[35m (0.1ms)[0m  [1m[36mbegin transaction[0m
  [1m[35m (0.5ms)[0m  [1m[35mCREATE TABLE "articles" ("id" INTEGER PRIMARY KEY AUTOINCREMENT NOT NULL, "title" varchar, "text" text, "created_at" datetime NOT NULL, "updated_at" datetime NOT NULL)[0m
  [1m[35mSQL (0.1ms)[0m  [1m[32mINSERT INTO "schema_migrations" ("version") VALUES (?)[0m  [["version", "20180123081700"]]
  [1m[35m (0.9ms)[0m  [1m[36mcommit transaction[0m
  [1m[36mActiveRecord::InternalMetadata Load (0.1ms)[0m  [1m[34mSELECT  "ar_internal_metadata".* FROM "ar_internal_metadata" WHERE "ar_internal_metadata"."key" = ? LIMIT ?[0m  [["key", "environment"], ["LIMIT", 1]]
  [1m[35m (0.1ms)[0m  [1m[36mbegin transaction[0m
  [1m[35mSQL (0.3ms)[0m  [1m[32mINSERT INTO "ar_internal_metadata" ("key", "value", "created_at", "updated_at") VALUES (?, ?, ?, ?)[0m  [["key", "environment"], ["value", "development"], ["created_at", "2018-01-23 08:29:10.027628"], ["updated_at", "2018-01-23 08:29:10.027628"]]
  [1m[35m (0.6ms)[0m  [1m[36mcommit transaction[0m
  [1m[35m (0.1ms)[0m  [1m[34mSELECT "schema_migrations"."version" FROM "schema_migrations" ORDER BY "schema_migrations"."version" ASC[0m
Started GET "/articles/new" for 127.0.0.1 at 2018-01-23 00:33:19 -0800
  [1m[35m (0.1ms)[0m  [1m[34mSELECT "schema_migrations"."version" FROM "schema_migrations" ORDER BY "schema_migrations"."version" ASC[0m
Processing by ArticlesController#new as HTML
  Rendering articles/new.html.erb within layouts/application
  Rendered articles/new.html.erb within layouts/application (1.3ms)
Completed 200 OK in 20ms (Views: 18.6ms | ActiveRecord: 0.0ms)


Started POST "/articles" for 127.0.0.1 at 2018-01-23 00:33:25 -0800
Processing by ArticlesController#create as HTML
  Parameters: {"utf8"=>"✓", "authenticity_token"=>"yMMRL3YMRb01EbiPJibZ6/q7cDtyeI6saQzFeHeG+DLPAcLqXBHeJQEC3ko3sLXFcmGdbEsn8mh0Au35+ee5+w==", "article"=>{"title"=>"title", "text"=>"text"}, "commit"=>"Save Article"}
Completed 500 Internal Server Error in 14ms (ActiveRecord: 1.1ms)


  
ActiveModel::ForbiddenAttributesError (ActiveModel::ForbiddenAttributesError):
  
app/controllers/articles_controller.rb:8:in `create'
Started GET "/articles/new" for 127.0.0.1 at 2018-01-23 00:36:34 -0800
Processing by ArticlesController#new as HTML
  Rendering articles/new.html.erb within layouts/application
  Rendered articles/new.html.erb within layouts/application (1.3ms)
Completed 200 OK in 18ms (Views: 16.3ms)


Started POST "/articles" for 127.0.0.1 at 2018-01-23 00:36:38 -0800
Processing by ArticlesController#create as HTML
  Parameters: {"utf8"=>"✓", "authenticity_token"=>"bULK/9lRIxMvs95ChQBWA36ZpUehpbeMuxbBCyV9SXFqgBk680y4ixuguIeUljot9kNIEJj6y0imGOmKqxwIuA==", "article"=>{"title"=>"title", "text"=>"texzt"}, "commit"=>"Save Article"}
  [1m[35m (0.1ms)[0m  [1m[36mbegin transaction[0m
  [1m[35mSQL (0.3ms)[0m  [1m[32mINSERT INTO "articles" ("title", "text", "created_at", "updated_at") VALUES (?, ?, ?, ?)[0m  [["title", "title"], ["text", "texzt"], ["created_at", "2018-01-23 08:36:38.871786"], ["updated_at", "2018-01-23 08:36:38.871786"]]
  [1m[35m (0.5ms)[0m  [1m[36mcommit transaction[0m
Redirected to http://localhost:3000/articles/1
Completed 302 Found in 12ms (ActiveRecord: 1.7ms)


Started GET "/articles/1" for 127.0.0.1 at 2018-01-23 00:36:38 -0800
  
AbstractController::ActionNotFound (The action 'show' could not be found for ArticlesController):
  
actionpack (5.1.4) lib/abstract_controller/base.rb:119:in `process'
actionview (5.1.4) lib/action_view/rendering.rb:30:in `process'
actionpack (5.1.4) lib/action_controller/metal.rb:189:in `dispatch'
actionpack (5.1.4) lib/action_controller/metal.rb:253:in `dispatch'
actionpack (5.1.4) lib/action_dispatch/routing/route_set.rb:49:in `dispatch'
actionpack (5.1.4) lib/action_dispatch/routing/route_set.rb:31:in `serve'
actionpack (5.1.4) lib/action_dispatch/journey/router.rb:50:in `block in serve'
actionpack (5.1.4) lib/action_dispatch/journey/router.rb:33:in `each'
actionpack (5.1.4) lib/action_dispatch/journey/router.rb:33:in `serve'
actionpack (5.1.4) lib/action_dispatch/routing/route_set.rb:834:in `call'
rack (2.0.3) lib/rack/etag.rb:25:in `call'
rack (2.0.3) lib/rack/conditional_get.rb:25:in `call'
rack (2.0.3) lib/rack/head.rb:12:in `call'
rack (2.0.3) lib/rack/session/abstract/id.rb:232:in `context'
rack (2.0.3) lib/rack/session/abstract/id.rb:226:in `call'
actionpack (5.1.4) lib/action_dispatch/middleware/cookies.rb:613:in `call'
activerecord (5.1.4) lib/active_record/migration.rb:556:in `call'
actionpack (5.1.4) lib/action_dispatch/middleware/callbacks.rb:26:in `block in call'
activesupport (5.1.4) lib/active_support/callbacks.rb:97:in `run_callbacks'
actionpack (5.1.4) lib/action_dispatch/middleware/callbacks.rb:24:in `call'
actionpack (5.1.4) lib/action_dispatch/middleware/executor.rb:12:in `call'
actionpack (5.1.4) lib/action_dispatch/middleware/debug_exceptions.rb:59:in `call'
web-console (3.5.1) lib/web_console/middleware.rb:135:in `call_app'
web-console (3.5.1) lib/web_console/middleware.rb:28:in `block in call'
web-console (3.5.1) lib/web_console/middleware.rb:18:in `catch'
web-console (3.5.1) lib/web_console/middleware.rb:18:in `call'
actionpack (5.1.4) lib/action_dispatch/middleware/show_exceptions.rb:31:in `call'
railties (5.1.4) lib/rails/rack/logger.rb:36:in `call_app'
railties (5.1.4) lib/rails/rack/logger.rb:24:in `block in call'
activesupport (5.1.4) lib/active_support/tagged_logging.rb:69:in `block in tagged'
activesupport (5.1.4) lib/active_support/tagged_logging.rb:26:in `tagged'
activesupport (5.1.4) lib/active_support/tagged_logging.rb:69:in `tagged'
railties (5.1.4) lib/rails/rack/logger.rb:24:in `call'
sprockets-rails (3.2.1) lib/sprockets/rails/quiet_assets.rb:13:in `call'
actionpack (5.1.4) lib/action_dispatch/middleware/remote_ip.rb:79:in `call'
actionpack (5.1.4) lib/action_dispatch/middleware/request_id.rb:25:in `call'
rack (2.0.3) lib/rack/method_override.rb:22:in `call'
rack (2.0.3) lib/rack/runtime.rb:22:in `call'
activesupport (5.1.4) lib/active_support/cache/strategy/local_cache_middleware.rb:27:in `call'
actionpack (5.1.4) lib/action_dispatch/middleware/executor.rb:12:in `call'
actionpack (5.1.4) lib/action_dispatch/middleware/static.rb:125:in `call'
rack (2.0.3) lib/rack/sendfile.rb:111:in `call'
railties (5.1.4) lib/rails/engine.rb:522:in `call'
puma (3.11.2) lib/puma/configuration.rb:225:in `call'
puma (3.11.2) lib/puma/server.rb:624:in `handle_request'
puma (3.11.2) lib/puma/server.rb:438:in `process_client'
puma (3.11.2) lib/puma/server.rb:302:in `block in run'
puma (3.11.2) lib/puma/thread_pool.rb:120:in `block in spawn_thread'
Started GET "/articles/new" for 127.0.0.1 at 2018-01-23 00:39:27 -0800
Processing by ArticlesController#new as HTML
  Rendering articles/new.html.erb within layouts/application
  Rendered articles/new.html.erb within layouts/application (1.2ms)
Completed 200 OK in 17ms (Views: 15.3ms)


Started POST "/articles" for 127.0.0.1 at 2018-01-23 00:39:34 -0800
Processing by ArticlesController#create as HTML
  Parameters: {"utf8"=>"✓", "authenticity_token"=>"JdVN9APMxInmt2jyTr1j2w3i79KVB+LUWkzomRN6F+YiF54xKdFfEdKkDjdfKw/1hTgChaxYnhBHQsAYnRtWLw==", "article"=>{"title"=>"this is title", "text"=>"this is text"}, "commit"=>"Save Article"}
  [1m[35m (0.1ms)[0m  [1m[36mbegin transaction[0m
  [1m[35mSQL (0.3ms)[0m  [1m[32mINSERT INTO "articles" ("title", "text", "created_at", "updated_at") VALUES (?, ?, ?, ?)[0m  [["title", "this is title"], ["text", "this is text"], ["created_at", "2018-01-23 08:39:34.058721"], ["updated_at", "2018-01-23 08:39:34.058721"]]
  [1m[35m (0.6ms)[0m  [1m[36mcommit transaction[0m
Redirected to http://localhost:3000/articles/2
Completed 302 Found in 13ms (ActiveRecord: 1.8ms)


Started GET "/articles/2" for 127.0.0.1 at 2018-01-23 00:39:34 -0800
Processing by ArticlesController#show as HTML
  Parameters: {"id"=>"2"}
  [1m[36mArticle Load (0.2ms)[0m  [1m[34mSELECT  "articles".* FROM "articles" WHERE "articles"."id" = ? LIMIT ?[0m  [["id", 2], ["LIMIT", 1]]
  Rendering articles/show.html.erb within layouts/application
  Rendered articles/show.html.erb within layouts/application (0.4ms)
Completed 200 OK in 24ms (Views: 18.1ms | ActiveRecord: 0.2ms)


Started GET "/articles/" for 127.0.0.1 at 2018-01-23 01:23:16 -0800
Processing by ArticlesController#index as HTML
  Rendering articles/index.html.erb within layouts/application
  [1m[36mArticle Load (0.1ms)[0m  [1m[34mSELECT "articles".* FROM "articles"[0m
  Rendered articles/index.html.erb within layouts/application (5.9ms)
Completed 200 OK in 36ms (Views: 32.5ms | ActiveRecord: 0.7ms)


Started GET "/" for 127.0.0.1 at 2018-01-23 01:25:56 -0800
Processing by WelcomeController#index as HTML
  Rendering welcome/index.html.erb within layouts/application
  Rendered welcome/index.html.erb within layouts/application (1.0ms)
Completed 200 OK in 20ms (Views: 18.1ms | ActiveRecord: 0.0ms)


Started GET "/articles" for 127.0.0.1 at 2018-01-23 01:25:58 -0800
Processing by ArticlesController#index as HTML
  Rendering articles/index.html.erb within layouts/application
  [1m[36mArticle Load (0.2ms)[0m  [1m[34mSELECT "articles".* FROM "articles"[0m
  Rendered articles/index.html.erb within layouts/application (2.3ms)
Completed 200 OK in 56ms (Views: 53.7ms | ActiveRecord: 0.2ms)


Started GET "/articles/2" for 127.0.0.1 at 2018-01-23 01:26:01 -0800
Processing by ArticlesController#show as HTML
  Parameters: {"id"=>"2"}
  [1m[36mArticle Load (0.3ms)[0m  [1m[34mSELECT  "articles".* FROM "articles" WHERE "articles"."id" = ? LIMIT ?[0m  [["id", 2], ["LIMIT", 1]]
  Rendering articles/show.html.erb within layouts/application
  Rendered articles/show.html.erb within layouts/application (1.9ms)
Completed 200 OK in 70ms (Views: 62.0ms | ActiveRecord: 0.3ms)


Started GET "/articles" for 127.0.0.1 at 2018-01-23 01:26:02 -0800
Processing by ArticlesController#index as HTML
  Rendering articles/index.html.erb within layouts/application
  [1m[36mArticle Load (0.2ms)[0m  [1m[34mSELECT "articles".* FROM "articles"[0m
  Rendered articles/index.html.erb within layouts/application (2.7ms)
Completed 200 OK in 88ms (Views: 83.5ms | ActiveRecord: 0.2ms)


Started GET "/articles/new" for 127.0.0.1 at 2018-01-23 01:26:03 -0800
Processing by ArticlesController#new as HTML
  Rendering articles/new.html.erb within layouts/application
  Rendered articles/new.html.erb within layouts/application (3.5ms)
Completed 200 OK in 71ms (Views: 69.3ms | ActiveRecord: 0.0ms)


Started GET "/articles" for 127.0.0.1 at 2018-01-23 01:26:04 -0800
Processing by ArticlesController#index as HTML
  Rendering articles/index.html.erb within layouts/application
  [1m[36mArticle Load (0.2ms)[0m  [1m[34mSELECT "articles".* FROM "articles"[0m
  Rendered articles/index.html.erb within layouts/application (1.9ms)
Completed 200 OK in 80ms (Views: 76.6ms | ActiveRecord: 0.2ms)


Started GET "/articles/new" for 127.0.0.1 at 2018-01-23 13:24:44 -0800
Processing by ArticlesController#new as HTML
  Rendering articles/new.html.erb within layouts/application
  Rendered articles/new.html.erb within layouts/application (5.7ms)
Completed 200 OK in 68ms (Views: 43.5ms | ActiveRecord: 2.4ms)


Started POST "/articles" for 127.0.0.1 at 2018-01-23 13:24:54 -0800
Processing by ArticlesController#create as HTML
  Parameters: {"utf8"=>"✓", "authenticity_token"=>"PRzfdCenp6BPU+lZWp/GHFlEkjyJK/+ZYJtK0sGf6IN98nPakft0oBsIy+URqyhvcXSOmYXDT53NEtJrSuyjEQ==", "article"=>{"title"=>"", "text"=>"hi"}, "commit"=>"Save Article"}
  [1m[35m (0.1ms)[0m  [1m[36mbegin transaction[0m
  [1m[35m (0.1ms)[0m  [1m[31mrollback transaction[0m
  Rendering articles/new.html.erb within layouts/application
  Rendered articles/new.html.erb within layouts/application (3.5ms)
Completed 200 OK in 34ms (Views: 27.6ms | ActiveRecord: 0.2ms)


Started GET "/articles/new" for 127.0.0.1 at 2018-01-23 22:03:04 -0800
Processing by ArticlesController#new as HTML
  Rendering articles/new.html.erb within layouts/application
  Rendered articles/new.html.erb within layouts/application (4.6ms)
Completed 200 OK in 45ms (Views: 29.7ms | ActiveRecord: 1.3ms)


Started GET "/articles" for 127.0.0.1 at 2018-01-23 22:03:10 -0800
Processing by ArticlesController#index as HTML
  Rendering articles/index.html.erb within layouts/application
  [1m[36mArticle Load (1.6ms)[0m  [1m[34mSELECT "articles".* FROM "articles"[0m
  Rendered articles/index.html.erb within layouts/application (4.2ms)
Completed 200 OK in 55ms (Views: 51.8ms | ActiveRecord: 1.6ms)


Started GET "/articles/2/edit" for 127.0.0.1 at 2018-01-23 22:03:13 -0800
Processing by ArticlesController#edit as HTML
  Parameters: {"id"=>"2"}
  [1m[36mArticle Load (0.2ms)[0m  [1m[34mSELECT  "articles".* FROM "articles" WHERE "articles"."id" = ? LIMIT ?[0m  [["id", 2], ["LIMIT", 1]]
  Rendering articles/edit.html.erb within layouts/application
  Rendered articles/edit.html.erb within layouts/application (5.0ms)
Completed 200 OK in 62ms (Views: 56.8ms | ActiveRecord: 0.2ms)


Started GET "/articles" for 127.0.0.1 at 2018-01-23 22:03:15 -0800
Processing by ArticlesController#index as HTML
  Rendering articles/index.html.erb within layouts/application
  [1m[36mArticle Load (0.3ms)[0m  [1m[34mSELECT "articles".* FROM "articles"[0m
  Rendered articles/index.html.erb within layouts/application (3.0ms)
Completed 200 OK in 103ms (Views: 100.7ms | ActiveRecord: 0.3ms)


Started GET "/articles" for 127.0.0.1 at 2018-01-23 22:09:44 -0800
Processing by ArticlesController#index as HTML
  Rendering articles/index.html.erb within layouts/application
  [1m[36mArticle Load (0.1ms)[0m  [1m[34mSELECT "articles".* FROM "articles"[0m
  Rendered articles/index.html.erb within layouts/application (6.8ms)
Completed 200 OK in 27ms (Views: 23.3ms | ActiveRecord: 0.9ms)


Started DELETE "/articles/1" for 127.0.0.1 at 2018-01-23 22:09:53 -0800
Processing by ArticlesController#destroy as HTML
  Parameters: {"authenticity_token"=>"TtDMMg8P91M3ApXOOz3dz7/K2Ga/Ne2wO6yU8aYL6stJEh/3JRJsywMR8wsqq7HhNxA1MYZqkXQmorxwKGqrAg==", "id"=>"1"}
  [1m[36mArticle Load (0.3ms)[0m  [1m[34mSELECT  "articles".* FROM "articles" WHERE "articles"."id" = ? LIMIT ?[0m  [["id", 1], ["LIMIT", 1]]
  [1m[35m (0.1ms)[0m  [1m[36mbegin transaction[0m
  [1m[35mSQL (2.3ms)[0m  [1m[31mDELETE FROM "articles" WHERE "articles"."id" = ?[0m  [["id", 1]]
  [1m[35m (2.7ms)[0m  [1m[36mcommit transaction[0m
Redirected to http://localhost:3000/articles
Completed 302 Found in 14ms (ActiveRecord: 5.3ms)


Started GET "/articles" for 127.0.0.1 at 2018-01-23 22:09:53 -0800
Processing by ArticlesController#index as HTML
  Rendering articles/index.html.erb within layouts/application
  [1m[36mArticle Load (0.1ms)[0m  [1m[34mSELECT "articles".* FROM "articles"[0m
  Rendered articles/index.html.erb within layouts/application (1.6ms)
Completed 200 OK in 20ms (Views: 18.2ms | ActiveRecord: 0.1ms)


Started GET "/articles/new" for 127.0.0.1 at 2018-01-23 22:09:55 -0800
Processing by ArticlesController#new as HTML
  Rendering articles/new.html.erb within layouts/application
  Rendered articles/_form.html.erb (5.7ms)
  Rendered articles/new.html.erb within layouts/application (8.9ms)
Completed 200 OK in 56ms (Views: 53.0ms | ActiveRecord: 0.0ms)


Started POST "/articles" for 127.0.0.1 at 2018-01-23 22:10:09 -0800
Processing by ArticlesController#create as HTML
  Parameters: {"utf8"=>"✓", "authenticity_token"=>"1BmfX2nj2FOZ2EZnTxcDg1Og6YY8lb6zbHSvea4Fmf+U9zPx378LU82DZNsEI+3we5D1IzB9DrfB/TfAJXbSbQ==", "article"=>{"title"=>"new article", "text"=>"this is the text"}, "commit"=>"Create Article"}
  [1m[35m (0.2ms)[0m  [1m[36mbegin transaction[0m
  [1m[35mSQL (0.6ms)[0m  [1m[32mINSERT INTO "articles" ("title", "text", "created_at", "updated_at") VALUES (?, ?, ?, ?)[0m  [["title", "new article"], ["text", "this is the text"], ["created_at", "2018-01-24 06:10:09.077116"], ["updated_at", "2018-01-24 06:10:09.077116"]]
  [1m[35m (0.5ms)[0m  [1m[36mcommit transaction[0m
Redirected to http://localhost:3000/articles/3
Completed 302 Found in 7ms (ActiveRecord: 1.3ms)


Started GET "/articles/3" for 127.0.0.1 at 2018-01-23 22:10:09 -0800
Processing by ArticlesController#show as HTML
  Parameters: {"id"=>"3"}
  [1m[36mArticle Load (0.2ms)[0m  [1m[34mSELECT  "articles".* FROM "articles" WHERE "articles"."id" = ? LIMIT ?[0m  [["id", 3], ["LIMIT", 1]]
  Rendering articles/show.html.erb within layouts/application
  Rendered articles/show.html.erb within layouts/application (0.6ms)
Completed 200 OK in 20ms (Views: 17.2ms | ActiveRecord: 0.2ms)


Started GET "/articles" for 127.0.0.1 at 2018-01-23 22:10:15 -0800
Processing by ArticlesController#index as HTML
  Rendering articles/index.html.erb within layouts/application
  [1m[36mArticle Load (0.2ms)[0m  [1m[34mSELECT "articles".* FROM "articles"[0m
  Rendered articles/index.html.erb within layouts/application (11.3ms)
Completed 200 OK in 57ms (Views: 55.7ms | ActiveRecord: 0.2ms)


  [1m[35m (0.2ms)[0m  [1m[34mSELECT "schema_migrations"."version" FROM "schema_migrations" ORDER BY "schema_migrations"."version" ASC[0m
Migrating to CreateComments (20180124061112)
  [1m[35m (0.1ms)[0m  [1m[36mbegin transaction[0m
  [1m[35m (0.1ms)[0m  [1m[34mSELECT sqlite_version(*)[0m
  [1m[35m (0.4ms)[0m  [1m[35mCREATE TABLE "comments" ("id" INTEGER PRIMARY KEY AUTOINCREMENT NOT NULL, "commenter" varchar, "body" text, "article_id" integer, "created_at" datetime NOT NULL, "updated_at" datetime NOT NULL, CONSTRAINT "fk_rails_3bf61a60d3"
FOREIGN KEY ("article_id")
  REFERENCES "articles" ("id")
)[0m
  [1m[35m (0.1ms)[0m  [1m[35mCREATE  INDEX "index_comments_on_article_id" ON "comments" ("article_id")[0m
  [1m[35mSQL (0.2ms)[0m  [1m[32mINSERT INTO "schema_migrations" ("version") VALUES (?)[0m  [["version", "20180124061112"]]
  [1m[35m (0.7ms)[0m  [1m[36mcommit transaction[0m
  [1m[36mActiveRecord::InternalMetadata Load (0.2ms)[0m  [1m[34mSELECT  "ar_internal_metadata".* FROM "ar_internal_metadata" WHERE "ar_internal_metadata"."key" = ? LIMIT ?[0m  [["key", "environment"], ["LIMIT", 1]]
  [1m[35m (0.1ms)[0m  [1m[36mbegin transaction[0m
  [1m[35m (0.1ms)[0m  [1m[36mcommit transaction[0m
  [1m[35m (0.2ms)[0m  [1m[34mSELECT "schema_migrations"."version" FROM "schema_migrations" ORDER BY "schema_migrations"."version" ASC[0m
  [1m[35m (0.1ms)[0m  [1m[34m            SELECT sql
            FROM sqlite_master
            WHERE name='index_comments_on_article_id' AND type='index'
            UNION ALL
            SELECT sql
            FROM sqlite_temp_master
            WHERE name='index_comments_on_article_id' AND type='index'
[0m
Started GET "/articles" for 127.0.0.1 at 2018-01-23 22:22:13 -0800
  [1m[35m (0.1ms)[0m  [1m[34mSELECT "schema_migrations"."version" FROM "schema_migrations" ORDER BY "schema_migrations"."version" ASC[0m
Processing by ArticlesController#index as HTML
  Rendering articles/index.html.erb within layouts/application
  [1m[36mArticle Load (0.2ms)[0m  [1m[34mSELECT "articles".* FROM "articles"[0m
  Rendered articles/index.html.erb within layouts/application (11.6ms)
Completed 200 OK in 123ms (Views: 107.7ms | ActiveRecord: 1.7ms)


Started GET "/articles/2" for 127.0.0.1 at 2018-01-23 22:22:18 -0800
Processing by ArticlesController#show as HTML
  Parameters: {"id"=>"2"}
  [1m[36mArticle Load (0.4ms)[0m  [1m[34mSELECT  "articles".* FROM "articles" WHERE "articles"."id" = ? LIMIT ?[0m  [["id", 2], ["LIMIT", 1]]
  Rendering articles/show.html.erb within layouts/application
  [1m[36mComment Load (0.2ms)[0m  [1m[34mSELECT "comments".* FROM "comments" WHERE "comments"."article_id" = ?[0m  [["article_id", 2]]
  Rendered articles/show.html.erb within layouts/application (50.3ms)
Completed 200 OK in 72ms (Views: 65.6ms | ActiveRecord: 1.4ms)


Started GET "/articles/new" for 127.0.0.1 at 2018-01-23 22:22:29 -0800
Processing by ArticlesController#new as HTML
  Rendering articles/new.html.erb within layouts/application
  Rendered articles/_form.html.erb (3.3ms)
  Rendered articles/new.html.erb within layouts/application (5.9ms)
Completed 200 OK in 56ms (Views: 53.0ms | ActiveRecord: 0.0ms)


Started POST "/articles" for 127.0.0.1 at 2018-01-23 22:22:35 -0800
Processing by ArticlesController#create as HTML
  Parameters: {"utf8"=>"✓", "authenticity_token"=>"Mkfhjmd2pD/vqG8CKBWhozAxt7WjcpC7qV2esqPsO3hyqU0g0Sp3P7vzTb5jIU/QGAGrEK+aIL8E1AYLKJ9w6g==", "article"=>{"title"=>"jonathan", "text"=>"fung"}, "commit"=>"Create Article"}
  [1m[35m (0.1ms)[0m  [1m[36mbegin transaction[0m
  [1m[35mSQL (0.4ms)[0m  [1m[32mINSERT INTO "articles" ("title", "text", "created_at", "updated_at") VALUES (?, ?, ?, ?)[0m  [["title", "jonathan"], ["text", "fung"], ["created_at", "2018-01-24 06:22:35.081933"], ["updated_at", "2018-01-24 06:22:35.081933"]]
  [1m[35m (0.6ms)[0m  [1m[36mcommit transaction[0m
Redirected to http://localhost:3000/articles/4
Completed 302 Found in 6ms (ActiveRecord: 1.0ms)


Started GET "/articles/4" for 127.0.0.1 at 2018-01-23 22:22:35 -0800
Processing by ArticlesController#show as HTML
  Parameters: {"id"=>"4"}
  [1m[36mArticle Load (0.1ms)[0m  [1m[34mSELECT  "articles".* FROM "articles" WHERE "articles"."id" = ? LIMIT ?[0m  [["id", 4], ["LIMIT", 1]]
  Rendering articles/show.html.erb within layouts/application
  [1m[36mComment Load (0.1ms)[0m  [1m[34mSELECT "comments".* FROM "comments" WHERE "comments"."article_id" = ?[0m  [["article_id", 4]]
  Rendered articles/show.html.erb within layouts/application (3.4ms)
Completed 200 OK in 22ms (Views: 19.8ms | ActiveRecord: 0.2ms)


Started POST "/articles/4/comments" for 127.0.0.1 at 2018-01-23 22:22:43 -0800
Processing by CommentsController#create as HTML
  Parameters: {"utf8"=>"✓", "authenticity_token"=>"Nm4tzgIPqLxwN5Jbr2MvXFTdDETlvBqoGSJBJAd0W2wxrP4LKBIzJEQk9J6+9UNy3AfhE9zjZmwELGmliRUapQ==", "comment"=>{"commenter"=>"emily", "body"=>"gosti"}, "commit"=>"Create Comment", "article_id"=>"4"}
  [1m[36mArticle Load (0.1ms)[0m  [1m[34mSELECT  "articles".* FROM "articles" WHERE "articles"."id" = ? LIMIT ?[0m  [["id", 4], ["LIMIT", 1]]
  [1m[35m (0.1ms)[0m  [1m[36mbegin transaction[0m
  [1m[35mSQL (0.8ms)[0m  [1m[32mINSERT INTO "comments" ("commenter", "body", "article_id", "created_at", "updated_at") VALUES (?, ?, ?, ?, ?)[0m  [["commenter", "emily"], ["body", "gosti"], ["article_id", 4], ["created_at", "2018-01-24 06:22:43.664912"], ["updated_at", "2018-01-24 06:22:43.664912"]]
  [1m[35m (0.6ms)[0m  [1m[36mcommit transaction[0m
Redirected to http://localhost:3000/articles/4
Completed 302 Found in 8ms (ActiveRecord: 1.5ms)


Started GET "/articles/4" for 127.0.0.1 at 2018-01-23 22:22:43 -0800
Processing by ArticlesController#show as HTML
  Parameters: {"id"=>"4"}
  [1m[36mArticle Load (0.1ms)[0m  [1m[34mSELECT  "articles".* FROM "articles" WHERE "articles"."id" = ? LIMIT ?[0m  [["id", 4], ["LIMIT", 1]]
  Rendering articles/show.html.erb within layouts/application
  [1m[36mComment Load (0.1ms)[0m  [1m[34mSELECT "comments".* FROM "comments" WHERE "comments"."article_id" = ?[0m  [["article_id", 4]]
  Rendered articles/show.html.erb within layouts/application (4.3ms)
Completed 200 OK in 29ms (Views: 27.6ms | ActiveRecord: 0.2ms)


Started GET "/articles/4/edit" for 127.0.0.1 at 2018-01-23 22:22:47 -0800
Processing by ArticlesController#edit as HTML
  Parameters: {"id"=>"4"}
  [1m[36mArticle Load (0.1ms)[0m  [1m[34mSELECT  "articles".* FROM "articles" WHERE "articles"."id" = ? LIMIT ?[0m  [["id", 4], ["LIMIT", 1]]
  Rendering articles/edit.html.erb within layouts/application
  Rendered articles/_form.html.erb (2.9ms)
  Rendered articles/edit.html.erb within layouts/application (5.3ms)
Completed 200 OK in 50ms (Views: 47.9ms | ActiveRecord: 0.1ms)


Started GET "/articles" for 127.0.0.1 at 2018-01-23 22:22:51 -0800
Processing by ArticlesController#index as HTML
  Rendering articles/index.html.erb within layouts/application
  [1m[36mArticle Load (0.2ms)[0m  [1m[34mSELECT "articles".* FROM "articles"[0m
  Rendered articles/index.html.erb within layouts/application (2.9ms)
Completed 200 OK in 52ms (Views: 50.0ms | ActiveRecord: 0.2ms)


Started GET "/articles/3/edit" for 127.0.0.1 at 2018-01-23 22:22:56 -0800
Processing by ArticlesController#edit as HTML
  Parameters: {"id"=>"3"}
  [1m[36mArticle Load (0.1ms)[0m  [1m[34mSELECT  "articles".* FROM "articles" WHERE "articles"."id" = ? LIMIT ?[0m  [["id", 3], ["LIMIT", 1]]
  Rendering articles/edit.html.erb within layouts/application
  Rendered articles/_form.html.erb (3.4ms)
  Rendered articles/edit.html.erb within layouts/application (8.4ms)
Completed 200 OK in 60ms (Views: 57.6ms | ActiveRecord: 0.1ms)


Started GET "/articles" for 127.0.0.1 at 2018-01-23 22:22:58 -0800
Processing by ArticlesController#index as HTML
  Rendering articles/index.html.erb within layouts/application
  [1m[36mArticle Load (0.3ms)[0m  [1m[34mSELECT "articles".* FROM "articles"[0m
  Rendered articles/index.html.erb within layouts/application (3.9ms)
Completed 200 OK in 87ms (Views: 84.9ms | ActiveRecord: 0.3ms)


Started GET "/articles/2" for 127.0.0.1 at 2018-01-23 22:33:50 -0800
Processing by ArticlesController#show as HTML
  Parameters: {"id"=>"2"}
  [1m[36mArticle Load (0.1ms)[0m  [1m[34mSELECT  "articles".* FROM "articles" WHERE "articles"."id" = ? LIMIT ?[0m  [["id", 2], ["LIMIT", 1]]
  Rendering articles/show.html.erb within layouts/application
  [1m[36mComment Load (0.2ms)[0m  [1m[34mSELECT "comments".* FROM "comments" WHERE "comments"."article_id" = ?[0m  [["article_id", 2]]
  Rendered collection of templates [0 times] (0.0ms)
  Rendered comments/_form.html.erb (7.3ms)
  Rendered articles/show.html.erb within layouts/application (13.6ms)
Completed 200 OK in 43ms (Views: 32.7ms | ActiveRecord: 1.5ms)


Started GET "/articles" for 127.0.0.1 at 2018-01-23 22:33:54 -0800
Processing by ArticlesController#index as HTML
  Rendering articles/index.html.erb within layouts/application
  [1m[36mArticle Load (0.2ms)[0m  [1m[34mSELECT "articles".* FROM "articles"[0m
  Rendered articles/index.html.erb within layouts/application (2.2ms)
Completed 200 OK in 91ms (Views: 88.1ms | ActiveRecord: 0.2ms)


Started DELETE "/articles/2" for 127.0.0.1 at 2018-01-23 22:33:57 -0800
Processing by ArticlesController#destroy as HTML
  Parameters: {"authenticity_token"=>"caw6HpSbS0sWKASHCrjEb/F6jylJUNX8+ba+gaHnykZ2bunbvobQ0yI7YkIbLqhBeaBifnAPqTjkuJYAL4aLjw==", "id"=>"2"}
Filter chain halted as #<Proc:0x007fb1be67bf20@/Users/emilygosti/.rvm/gems/ruby-2.4.1/gems/actionpack-5.1.4/lib/action_controller/metal/http_authentication.rb:70> rendered or redirected
Completed 401 Unauthorized in 1ms (ActiveRecord: 0.0ms)


Started DELETE "/articles/2" for 127.0.0.1 at 2018-01-23 22:34:01 -0800
Processing by ArticlesController#destroy as HTML
  Parameters: {"authenticity_token"=>"caw6HpSbS0sWKASHCrjEb/F6jylJUNX8+ba+gaHnykZ2bunbvobQ0yI7YkIbLqhBeaBifnAPqTjkuJYAL4aLjw==", "id"=>"2"}
  [1m[36mArticle Load (0.1ms)[0m  [1m[34mSELECT  "articles".* FROM "articles" WHERE "articles"."id" = ? LIMIT ?[0m  [["id", 2], ["LIMIT", 1]]
  [1m[35m (0.1ms)[0m  [1m[36mbegin transaction[0m
  [1m[36mComment Load (0.1ms)[0m  [1m[34mSELECT "comments".* FROM "comments" WHERE "comments"."article_id" = ?[0m  [["article_id", 2]]
  [1m[35mSQL (0.4ms)[0m  [1m[31mDELETE FROM "articles" WHERE "articles"."id" = ?[0m  [["id", 2]]
  [1m[35m (1.5ms)[0m  [1m[36mcommit transaction[0m
Redirected to http://localhost:3000/articles
Completed 302 Found in 5ms (ActiveRecord: 2.1ms)


Started GET "/articles" for 127.0.0.1 at 2018-01-23 22:34:01 -0800
Processing by ArticlesController#index as HTML
  Rendering articles/index.html.erb within layouts/application
  [1m[36mArticle Load (0.1ms)[0m  [1m[34mSELECT "articles".* FROM "articles"[0m
  Rendered articles/index.html.erb within layouts/application (1.5ms)
Completed 200 OK in 20ms (Views: 18.3ms | ActiveRecord: 0.1ms)


Started DELETE "/articles/4" for 127.0.0.1 at 2018-01-23 22:34:09 -0800
Processing by ArticlesController#destroy as HTML
  Parameters: {"authenticity_token"=>"RZxO5h2cQU60Szt6DDXHPLLuzoU9W3ouWpyB/Jq4YbRCXp0jN4Ha1oBYXb8do6sSOjQj0gQEBupHkql9FNkgfQ==", "id"=>"4"}
  [1m[36mArticle Load (0.1ms)[0m  [1m[34mSELECT  "articles".* FROM "articles" WHERE "articles"."id" = ? LIMIT ?[0m  [["id", 4], ["LIMIT", 1]]
  [1m[35m (0.1ms)[0m  [1m[36mbegin transaction[0m
  [1m[36mComment Load (0.2ms)[0m  [1m[34mSELECT "comments".* FROM "comments" WHERE "comments"."article_id" = ?[0m  [["article_id", 4]]
  [1m[35mSQL (0.7ms)[0m  [1m[31mDELETE FROM "comments" WHERE "comments"."id" = ?[0m  [["id", 1]]
  [1m[35mSQL (0.1ms)[0m  [1m[31mDELETE FROM "articles" WHERE "articles"."id" = ?[0m  [["id", 4]]
  [1m[35m (0.5ms)[0m  [1m[36mcommit transaction[0m
Redirected to http://localhost:3000/articles
Completed 302 Found in 7ms (ActiveRecord: 1.7ms)


Started GET "/articles" for 127.0.0.1 at 2018-01-23 22:34:09 -0800
Processing by ArticlesController#index as HTML
  Rendering articles/index.html.erb within layouts/application
  [1m[36mArticle Load (0.2ms)[0m  [1m[34mSELECT "articles".* FROM "articles"[0m
  Rendered articles/index.html.erb within layouts/application (1.3ms)
Completed 200 OK in 22ms (Views: 20.2ms | ActiveRecord: 0.2ms)


Started GET "/articles" for 127.0.0.1 at 2018-01-24 18:29:03 -0800
Processing by ArticlesController#index as HTML
  Rendering articles/index.html.erb within layouts/application
  Rendered articles/index.html.erb within layouts/application (11.2ms)
Completed 500 Internal Server Error in 20ms (ActiveRecord: 0.0ms)


  
ActionView::Template::Error (undefined method `start_with?' for nil:NilClass):
    1: <%= stylesheet_link_tag "../public/stylesheets/style.css" %>
    2: <h1>Listing Articles</h1>
    3: <%= link_to 'New article', new_article_path %>
    4: <table>
  
app/views/articles/index.html.erb:1:in `_app_views_articles_index_html_erb__294061428639929228_70200659056740'
Started GET "/articles" for 127.0.0.1 at 2018-01-24 18:31:19 -0800
Processing by ArticlesController#index as HTML
  Rendering articles/index.html.erb within layouts/application
  Rendered articles/index.html.erb within layouts/application (6.6ms)
Completed 500 Internal Server Error in 11ms (ActiveRecord: 0.0ms)


  
ActionView::Template::Error (The asset "app/assets/stylesheets/application.css" is not present in the asset pipeline.):
    1: <%= stylesheet_link_tag "app/assets/stylesheets/application" %>
    2: <h1>Listing Articles</h1>
    3: <%= link_to 'New article', new_article_path %>
    4: <table>
  
app/views/articles/index.html.erb:1:in `_app_views_articles_index_html_erb__294061428639929228_70200692494360'
Started GET "/articles" for 127.0.0.1 at 2018-01-24 18:31:25 -0800
Processing by ArticlesController#index as HTML
  Rendering articles/index.html.erb within layouts/application
  Rendered articles/index.html.erb within layouts/application (3.2ms)
Completed 500 Internal Server Error in 10ms (ActiveRecord: 0.0ms)


  
ActionView::Template::Error (undefined method `start_with?' for nil:NilClass):
    1: <%= stylesheet_link_tag "../app/assets/stylesheets/application" %>
    2: <h1>Listing Articles</h1>
    3: <%= link_to 'New article', new_article_path %>
    4: <table>
  
app/views/articles/index.html.erb:1:in `_app_views_articles_index_html_erb__294061428639929228_70200693311580'
Started GET "/articles" for 127.0.0.1 at 2018-01-24 18:32:42 -0800
Processing by ArticlesController#index as HTML
  Rendering articles/index.html.erb within layouts/application
  [1m[36mArticle Load (0.8ms)[0m  [1m[34mSELECT "articles".* FROM "articles"[0m
  Rendered articles/index.html.erb within layouts/application (23.0ms)
Completed 200 OK in 53ms (Views: 49.1ms | ActiveRecord: 0.8ms)


Started GET "/articles" for 127.0.0.1 at 2018-01-24 18:40:52 -0800
Processing by ArticlesController#index as HTML
  Rendering articles/index.html.erb within layouts/application
  [1m[36mArticle Load (0.4ms)[0m  [1m[34mSELECT "articles".* FROM "articles"[0m
  Rendered articles/index.html.erb within layouts/application (20.4ms)
Completed 200 OK in 75ms (Views: 72.7ms | ActiveRecord: 0.4ms)


Started GET "/articles" for 127.0.0.1 at 2018-01-24 18:41:02 -0800
Processing by ArticlesController#index as HTML
  Rendering articles/index.html.erb within layouts/application
  [1m[36mArticle Load (0.1ms)[0m  [1m[34mSELECT "articles".* FROM "articles"[0m
  Rendered articles/index.html.erb within layouts/application (9.8ms)
Completed 200 OK in 26ms (Views: 24.1ms | ActiveRecord: 0.1ms)


Started GET "/articles" for 127.0.0.1 at 2018-01-24 18:42:23 -0800
Processing by ArticlesController#index as HTML
  Rendering articles/index.html.erb within layouts/application
  [1m[36mArticle Load (0.1ms)[0m  [1m[34mSELECT "articles".* FROM "articles"[0m
  Rendered articles/index.html.erb within layouts/application (12.2ms)
Completed 200 OK in 27ms (Views: 25.0ms | ActiveRecord: 0.1ms)


Started GET "/articles" for 127.0.0.1 at 2018-01-24 18:43:18 -0800
Processing by ArticlesController#index as HTML
  Rendering articles/index.html.erb within layouts/application
  [1m[36mArticle Load (0.2ms)[0m  [1m[34mSELECT "articles".* FROM "articles"[0m
  Rendered articles/index.html.erb within layouts/application (12.5ms)
Completed 200 OK in 47ms (Views: 45.2ms | ActiveRecord: 0.2ms)


Started GET "/articles" for 127.0.0.1 at 2018-01-24 18:44:00 -0800
Processing by ArticlesController#index as HTML
  Rendering articles/index.html.erb within layouts/application
  [1m[36mArticle Load (0.3ms)[0m  [1m[34mSELECT "articles".* FROM "articles"[0m
  Rendered articles/index.html.erb within layouts/application (19.6ms)
Completed 200 OK in 51ms (Views: 48.8ms | ActiveRecord: 0.3ms)


Started GET "/articles" for 127.0.0.1 at 2018-01-24 18:44:01 -0800
Processing by ArticlesController#index as HTML
  Rendering articles/index.html.erb within layouts/application
  [1m[36mArticle Load (0.1ms)[0m  [1m[34mSELECT "articles".* FROM "articles"[0m
  Rendered articles/index.html.erb within layouts/application (6.5ms)
Completed 200 OK in 47ms (Views: 44.9ms | ActiveRecord: 0.1ms)


Started GET "/articles" for 127.0.0.1 at 2018-01-24 18:45:16 -0800
Processing by ArticlesController#index as HTML
  Rendering articles/index.html.erb within layouts/application
  [1m[36mArticle Load (0.1ms)[0m  [1m[34mSELECT "articles".* FROM "articles"[0m
  Rendered articles/index.html.erb within layouts/application (9.7ms)
Completed 200 OK in 25ms (Views: 23.4ms | ActiveRecord: 0.1ms)


Started GET "/articles" for 127.0.0.1 at 2018-01-24 18:45:54 -0800
Processing by ArticlesController#index as HTML
  Rendering articles/index.html.erb within layouts/application
  [1m[36mArticle Load (0.2ms)[0m  [1m[34mSELECT "articles".* FROM "articles"[0m
  Rendered articles/index.html.erb within layouts/application (6.5ms)
Completed 200 OK in 35ms (Views: 33.3ms | ActiveRecord: 0.2ms)


Started GET "/articles/new" for 127.0.0.1 at 2018-01-24 18:45:56 -0800
Processing by ArticlesController#new as HTML
  Rendering articles/new.html.erb within layouts/application
  Rendered articles/_form.html.erb (4.7ms)
  Rendered articles/new.html.erb within layouts/application (25.8ms)
Completed 200 OK in 50ms (Views: 47.3ms | ActiveRecord: 0.0ms)


Started GET "/articles" for 127.0.0.1 at 2018-01-24 18:45:59 -0800
Processing by ArticlesController#index as HTML
  Rendering articles/index.html.erb within layouts/application
  [1m[36mArticle Load (0.5ms)[0m  [1m[34mSELECT "articles".* FROM "articles"[0m
  Rendered articles/index.html.erb within layouts/application (83.3ms)
Completed 200 OK in 113ms (Views: 110.6ms | ActiveRecord: 0.5ms)


Started GET "/articles/3" for 127.0.0.1 at 2018-01-24 18:46:00 -0800
Processing by ArticlesController#show as HTML
  Parameters: {"id"=>"3"}
  [1m[36mArticle Load (0.1ms)[0m  [1m[34mSELECT  "articles".* FROM "articles" WHERE "articles"."id" = ? LIMIT ?[0m  [["id", 3], ["LIMIT", 1]]
  Rendering articles/show.html.erb within layouts/application
  [1m[36mComment Load (0.2ms)[0m  [1m[34mSELECT "comments".* FROM "comments" WHERE "comments"."article_id" = ?[0m  [["article_id", 3]]
  Rendered collection of templates [0 times] (0.0ms)
  Rendered comments/_form.html.erb (6.7ms)
  Rendered articles/show.html.erb within layouts/application (26.4ms)
Completed 200 OK in 62ms (Views: 58.5ms | ActiveRecord: 0.3ms)


Started GET "/articles" for 127.0.0.1 at 2018-01-24 18:46:07 -0800
Processing by ArticlesController#index as HTML
  Rendering articles/index.html.erb within layouts/application
  [1m[36mArticle Load (0.4ms)[0m  [1m[34mSELECT "articles".* FROM "articles"[0m
  Rendered articles/index.html.erb within layouts/application (38.2ms)
Completed 200 OK in 90ms (Views: 86.2ms | ActiveRecord: 0.4ms)


Started GET "/articles/3/edit" for 127.0.0.1 at 2018-01-24 18:46:08 -0800
Processing by ArticlesController#edit as HTML
  Parameters: {"id"=>"3"}
  [1m[36mArticle Load (0.4ms)[0m  [1m[34mSELECT  "articles".* FROM "articles" WHERE "articles"."id" = ? LIMIT ?[0m  [["id", 3], ["LIMIT", 1]]
  Rendering articles/edit.html.erb within layouts/application
  Rendered articles/_form.html.erb (6.9ms)
  Rendered articles/edit.html.erb within layouts/application (41.6ms)
Completed 200 OK in 86ms (Views: 79.6ms | ActiveRecord: 0.4ms)


Started GET "/articles" for 127.0.0.1 at 2018-01-24 18:46:10 -0800
Processing by ArticlesController#index as HTML
  Rendering articles/index.html.erb within layouts/application
  [1m[36mArticle Load (0.2ms)[0m  [1m[34mSELECT "articles".* FROM "articles"[0m
  Rendered articles/index.html.erb within layouts/application (11.9ms)
Completed 200 OK in 94ms (Views: 91.7ms | ActiveRecord: 0.2ms)


Started GET "/articles/new" for 127.0.0.1 at 2018-01-24 18:46:16 -0800
Processing by ArticlesController#new as HTML
  Rendering articles/new.html.erb within layouts/application
  Rendered articles/_form.html.erb (11.7ms)
  Rendered articles/new.html.erb within layouts/application (95.4ms)
Completed 200 OK in 120ms (Views: 118.1ms | ActiveRecord: 0.0ms)


Started GET "/articles" for 127.0.0.1 at 2018-01-24 18:46:18 -0800
Processing by ArticlesController#index as HTML
  Rendering articles/index.html.erb within layouts/application
  [1m[36mArticle Load (0.1ms)[0m  [1m[34mSELECT "articles".* FROM "articles"[0m
  Rendered articles/index.html.erb within layouts/application (8.8ms)
Completed 200 OK in 41ms (Views: 39.0ms | ActiveRecord: 0.1ms)


Started GET "/articles" for 127.0.0.1 at 2018-01-24 18:46:30 -0800
Processing by ArticlesController#index as HTML
  Rendering articles/index.html.erb within layouts/application
  [1m[36mArticle Load (0.1ms)[0m  [1m[34mSELECT "articles".* FROM "articles"[0m
  Rendered articles/index.html.erb within layouts/application (7.2ms)
Completed 200 OK in 27ms (Views: 23.8ms | ActiveRecord: 0.1ms)


Started GET "/articles/3" for 127.0.0.1 at 2018-01-24 18:47:00 -0800
Processing by ArticlesController#show as HTML
  Parameters: {"id"=>"3"}
  [1m[36mArticle Load (0.3ms)[0m  [1m[34mSELECT  "articles".* FROM "articles" WHERE "articles"."id" = ? LIMIT ?[0m  [["id", 3], ["LIMIT", 1]]
  Rendering articles/show.html.erb within layouts/application
  [1m[36mComment Load (0.1ms)[0m  [1m[34mSELECT "comments".* FROM "comments" WHERE "comments"."article_id" = ?[0m  [["article_id", 3]]
  Rendered collection of templates [0 times] (0.0ms)
  Rendered comments/_form.html.erb (8.6ms)
  Rendered articles/show.html.erb within layouts/application (39.7ms)
Completed 200 OK in 69ms (Views: 63.9ms | ActiveRecord: 0.4ms)


Started GET "/articles" for 127.0.0.1 at 2018-01-24 18:47:10 -0800
Processing by ArticlesController#index as HTML
  Rendering articles/index.html.erb within layouts/application
  [1m[36mArticle Load (0.2ms)[0m  [1m[34mSELECT "articles".* FROM "articles"[0m
  Rendered articles/index.html.erb within layouts/application (19.7ms)
Completed 200 OK in 109ms (Views: 106.3ms | ActiveRecord: 0.2ms)


Started GET "/articles" for 127.0.0.1 at 2018-01-24 18:47:37 -0800
Processing by ArticlesController#index as HTML
  Rendering articles/index.html.erb within layouts/application
  [1m[36mArticle Load (0.1ms)[0m  [1m[34mSELECT "articles".* FROM "articles"[0m
  Rendered articles/index.html.erb within layouts/application (5.5ms)
Completed 200 OK in 23ms (Views: 21.1ms | ActiveRecord: 0.1ms)


Started GET "/articles/3/edit" for 127.0.0.1 at 2018-01-24 18:47:42 -0800
Processing by ArticlesController#edit as HTML
  Parameters: {"id"=>"3"}
  [1m[36mArticle Load (0.3ms)[0m  [1m[34mSELECT  "articles".* FROM "articles" WHERE "articles"."id" = ? LIMIT ?[0m  [["id", 3], ["LIMIT", 1]]
  Rendering articles/edit.html.erb within layouts/application
  Rendered articles/_form.html.erb (6.6ms)
  Rendered articles/edit.html.erb within layouts/application (46.4ms)
Completed 200 OK in 71ms (Views: 65.4ms | ActiveRecord: 0.3ms)


Started GET "/articles" for 127.0.0.1 at 2018-01-24 18:47:47 -0800
Processing by ArticlesController#index as HTML
  Rendering articles/index.html.erb within layouts/application
  [1m[36mArticle Load (0.3ms)[0m  [1m[34mSELECT "articles".* FROM "articles"[0m
  Rendered articles/index.html.erb within layouts/application (54.5ms)
Completed 200 OK in 98ms (Views: 95.3ms | ActiveRecord: 0.3ms)


Started GET "/articles" for 127.0.0.1 at 2018-01-24 18:48:28 -0800
Processing by ArticlesController#index as HTML
  Rendering articles/index.html.erb within layouts/application
  [1m[36mArticle Load (0.1ms)[0m  [1m[34mSELECT "articles".* FROM "articles"[0m
  Rendered articles/index.html.erb within layouts/application (5.3ms)
Completed 200 OK in 22ms (Views: 19.1ms | ActiveRecord: 0.1ms)


Started GET "/articles/new" for 127.0.0.1 at 2018-01-24 19:17:29 -0800
Processing by ArticlesController#new as HTML
  Rendering articles/new.html.erb within layouts/application
  Rendered articles/_form.html.erb (2.8ms)
  Rendered articles/new.html.erb within layouts/application (9.6ms)
Completed 200 OK in 61ms (Views: 56.4ms | ActiveRecord: 0.0ms)


Started POST "/articles" for 127.0.0.1 at 2018-01-24 19:17:34 -0800
Processing by ArticlesController#create as HTML
  Parameters: {"utf8"=>"✓", "authenticity_token"=>"YrWlD0oe1f2tDto+0yvqoP1JN4TgeEOpEgvGd3zghaYiWwmh/EIG/flV+IKYHwTT1XkrIeyQ862/gl7O95PONA==", "article"=>{"title"=>"eliot", "text"=>"hsu"}, "commit"=>"Create Article"}
Filter chain halted as #<Proc:0x007fb1be67bf20@/Users/emilygosti/.rvm/gems/ruby-2.4.1/gems/actionpack-5.1.4/lib/action_controller/metal/http_authentication.rb:70> rendered or redirected
Completed 401 Unauthorized in 1ms (ActiveRecord: 0.0ms)


Started POST "/articles" for 127.0.0.1 at 2018-01-24 19:17:34 -0800
Processing by ArticlesController#create as HTML
  Parameters: {"utf8"=>"✓", "authenticity_token"=>"YrWlD0oe1f2tDto+0yvqoP1JN4TgeEOpEgvGd3zghaYiWwmh/EIG/flV+IKYHwTT1XkrIeyQ862/gl7O95PONA==", "article"=>{"title"=>"eliot", "text"=>"hsu"}, "commit"=>"Create Article"}
  [1m[35m (0.1ms)[0m  [1m[36mbegin transaction[0m
  [1m[35mSQL (0.6ms)[0m  [1m[32mINSERT INTO "articles" ("title", "text", "created_at", "updated_at") VALUES (?, ?, ?, ?)[0m  [["title", "eliot"], ["text", "hsu"], ["created_at", "2018-01-25 03:17:34.753385"], ["updated_at", "2018-01-25 03:17:34.753385"]]
  [1m[35m (1.9ms)[0m  [1m[36mcommit transaction[0m
Redirected to http://localhost:3000/articles/5
Completed 302 Found in 7ms (ActiveRecord: 2.6ms)


Started GET "/articles/5" for 127.0.0.1 at 2018-01-24 19:17:34 -0800
Processing by ArticlesController#show as HTML
  Parameters: {"id"=>"5"}
  [1m[36mArticle Load (0.2ms)[0m  [1m[34mSELECT  "articles".* FROM "articles" WHERE "articles"."id" = ? LIMIT ?[0m  [["id", 5], ["LIMIT", 1]]
  Rendering articles/show.html.erb within layouts/application
  [1m[36mComment Load (0.1ms)[0m  [1m[34mSELECT "comments".* FROM "comments" WHERE "comments"."article_id" = ?[0m  [["article_id", 5]]
  Rendered collection of templates [0 times] (0.0ms)
  Rendered comments/_form.html.erb (3.8ms)
  Rendered articles/show.html.erb within layouts/application (11.1ms)
Completed 200 OK in 26ms (Views: 23.6ms | ActiveRecord: 0.3ms)


Started GET "/articles" for 127.0.0.1 at 2018-01-24 19:17:38 -0800
Processing by ArticlesController#index as HTML
  Rendering articles/index.html.erb within layouts/application
  [1m[36mArticle Load (1.3ms)[0m  [1m[34mSELECT "articles".* FROM "articles"[0m
  Rendered articles/index.html.erb within layouts/application (23.9ms)
Completed 200 OK in 53ms (Views: 49.2ms | ActiveRecord: 1.3ms)


Started GET "/articles/5/edit" for 127.0.0.1 at 2018-01-24 19:17:41 -0800
Processing by ArticlesController#edit as HTML
  Parameters: {"id"=>"5"}
  [1m[36mArticle Load (0.1ms)[0m  [1m[34mSELECT  "articles".* FROM "articles" WHERE "articles"."id" = ? LIMIT ?[0m  [["id", 5], ["LIMIT", 1]]
  Rendering articles/edit.html.erb within layouts/application
  Rendered articles/_form.html.erb (6.5ms)
  Rendered articles/edit.html.erb within layouts/application (18.1ms)
Completed 200 OK in 54ms (Views: 52.2ms | ActiveRecord: 0.1ms)


Started GET "/articles" for 127.0.0.1 at 2018-01-24 19:17:42 -0800
Processing by ArticlesController#index as HTML
  Rendering articles/index.html.erb within layouts/application
  [1m[36mArticle Load (0.4ms)[0m  [1m[34mSELECT "articles".* FROM "articles"[0m
  Rendered articles/index.html.erb within layouts/application (82.1ms)
Completed 200 OK in 113ms (Views: 110.1ms | ActiveRecord: 0.4ms)


Started GET "/articles/5" for 127.0.0.1 at 2018-01-24 19:17:43 -0800
Processing by ArticlesController#show as HTML
  Parameters: {"id"=>"5"}
  [1m[36mArticle Load (0.2ms)[0m  [1m[34mSELECT  "articles".* FROM "articles" WHERE "articles"."id" = ? LIMIT ?[0m  [["id", 5], ["LIMIT", 1]]
  Rendering articles/show.html.erb within layouts/application
  [1m[36mComment Load (0.1ms)[0m  [1m[34mSELECT "comments".* FROM "comments" WHERE "comments"."article_id" = ?[0m  [["article_id", 5]]
  Rendered collection of templates [0 times] (0.0ms)
  Rendered comments/_form.html.erb (35.0ms)
  Rendered articles/show.html.erb within layouts/application (67.7ms)
Completed 200 OK in 115ms (Views: 110.5ms | ActiveRecord: 0.3ms)


Started POST "/articles/5/comments" for 127.0.0.1 at 2018-01-24 19:17:49 -0800
Processing by CommentsController#create as JS
  Parameters: {"utf8"=>"✓", "authenticity_token"=>"F/oIWNUya/teNeGyRyqELJ+HLK84dj/yvDF1tjBU0Q+niCHhOMM0l2l97Nj47d9FOz7NVHjYh/IGRe6Su9cbYw==", "comment"=>{"commenter"=>"emily", "body"=>"vossti"}, "commit"=>"Create Comment", "article_id"=>"5"}
  [1m[36mArticle Load (0.1ms)[0m  [1m[34mSELECT  "articles".* FROM "articles" WHERE "articles"."id" = ? LIMIT ?[0m  [["id", 5], ["LIMIT", 1]]
  [1m[35m (0.1ms)[0m  [1m[36mbegin transaction[0m
  [1m[35mSQL (0.6ms)[0m  [1m[32mINSERT INTO "comments" ("commenter", "body", "article_id", "created_at", "updated_at") VALUES (?, ?, ?, ?, ?)[0m  [["commenter", "emily"], ["body", "vossti"], ["article_id", 5], ["created_at", "2018-01-25 03:17:49.309089"], ["updated_at", "2018-01-25 03:17:49.309089"]]
  [1m[35m (0.6ms)[0m  [1m[36mcommit transaction[0m
Redirected to http://localhost:3000/articles/5
Completed 200 OK in 7ms (ActiveRecord: 1.3ms)


Started GET "/articles/5" for 127.0.0.1 at 2018-01-24 19:17:49 -0800
Processing by ArticlesController#show as HTML
  Parameters: {"id"=>"5"}
  [1m[36mArticle Load (0.2ms)[0m  [1m[34mSELECT  "articles".* FROM "articles" WHERE "articles"."id" = ? LIMIT ?[0m  [["id", 5], ["LIMIT", 1]]
  Rendering articles/show.html.erb within layouts/application
  [1m[36mComment Load (0.2ms)[0m  [1m[34mSELECT "comments".* FROM "comments" WHERE "comments"."article_id" = ?[0m  [["article_id", 5]]
  Rendered collection of comments/_comment.html.erb [1 times] (4.9ms)
  Rendered comments/_form.html.erb (15.0ms)
  Rendered articles/show.html.erb within layouts/application (46.0ms)
Completed 200 OK in 68ms (Views: 64.4ms | ActiveRecord: 0.4ms)


Started GET "/articles" for 127.0.0.1 at 2018-01-24 19:17:51 -0800
Processing by ArticlesController#index as HTML
  Rendering articles/index.html.erb within layouts/application
  [1m[36mArticle Load (0.3ms)[0m  [1m[34mSELECT "articles".* FROM "articles"[0m
  Rendered articles/index.html.erb within layouts/application (21.7ms)
Completed 200 OK in 52ms (Views: 48.8ms | ActiveRecord: 0.3ms)


Started GET "/articles" for 127.0.0.1 at 2018-01-25 00:57:02 -0800
Processing by ArticlesController#index as HTML
  Rendering articles/index.html.erb within layouts/application
  [1m[36mArticle Load (0.8ms)[0m  [1m[34mSELECT "articles".* FROM "articles"[0m
  Rendered articles/index.html.erb within layouts/application (41.1ms)
Completed 200 OK in 80ms (Views: 70.8ms | ActiveRecord: 0.8ms)


Started GET "/articles" for 127.0.0.1 at 2018-01-25 00:57:16 -0800
Processing by ArticlesController#index as HTML
  Rendering articles/index.html.erb within layouts/application
  [1m[36mArticle Load (0.3ms)[0m  [1m[34mSELECT "articles".* FROM "articles"[0m
  Rendered articles/index.html.erb within layouts/application (14.4ms)
Completed 200 OK in 35ms (Views: 32.3ms | ActiveRecord: 0.3ms)


Started GET "/articles" for 127.0.0.1 at 2018-01-25 00:57:35 -0800
Processing by ArticlesController#index as HTML
  Rendering articles/index.html.erb within layouts/application
  [1m[36mArticle Load (0.2ms)[0m  [1m[34mSELECT "articles".* FROM "articles"[0m
  Rendered articles/index.html.erb within layouts/application (14.6ms)
Completed 200 OK in 41ms (Views: 38.6ms | ActiveRecord: 0.2ms)


Started GET "/articles" for 127.0.0.1 at 2018-01-25 00:58:00 -0800
Processing by ArticlesController#index as HTML
  Rendering articles/index.html.erb within layouts/application
  [1m[36mArticle Load (0.2ms)[0m  [1m[34mSELECT "articles".* FROM "articles"[0m
  Rendered articles/index.html.erb within layouts/application (15.6ms)
Completed 200 OK in 37ms (Views: 34.6ms | ActiveRecord: 0.2ms)


Started GET "/articles" for 127.0.0.1 at 2018-01-25 00:58:11 -0800
Processing by ArticlesController#index as HTML
  Rendering articles/index.html.erb within layouts/application
  [1m[36mArticle Load (0.2ms)[0m  [1m[34mSELECT "articles".* FROM "articles"[0m
  Rendered articles/index.html.erb within layouts/application (17.8ms)
Completed 200 OK in 42ms (Views: 39.6ms | ActiveRecord: 0.2ms)


Started GET "/articles" for 127.0.0.1 at 2018-01-25 00:58:47 -0800
Processing by ArticlesController#index as HTML
  Rendering articles/index.html.erb within layouts/application
  [1m[36mArticle Load (0.1ms)[0m  [1m[34mSELECT "articles".* FROM "articles"[0m
  Rendered articles/index.html.erb within layouts/application (12.3ms)
Completed 200 OK in 37ms (Views: 34.6ms | ActiveRecord: 0.1ms)


Started GET "/articles" for 127.0.0.1 at 2018-01-25 00:59:27 -0800
Processing by ArticlesController#index as HTML
  Rendering articles/index.html.erb within layouts/application
  [1m[36mArticle Load (0.1ms)[0m  [1m[34mSELECT "articles".* FROM "articles"[0m
  Rendered articles/index.html.erb within layouts/application (12.0ms)
Completed 200 OK in 33ms (Views: 30.7ms | ActiveRecord: 0.1ms)


Started GET "/articles" for 127.0.0.1 at 2018-01-25 01:18:22 -0800
Processing by ArticlesController#index as HTML
  Rendering articles/index.html.erb within layouts/application
  [1m[36mArticle Load (0.2ms)[0m  [1m[34mSELECT "articles".* FROM "articles"[0m
  Rendered articles/index.html.erb within layouts/application (12.6ms)
Completed 200 OK in 36ms (Views: 34.6ms | ActiveRecord: 0.2ms)


Started GET "/articles" for 127.0.0.1 at 2018-01-25 01:18:31 -0800
Processing by ArticlesController#index as HTML
  Rendering articles/index.html.erb within layouts/application
  [1m[36mArticle Load (0.2ms)[0m  [1m[34mSELECT "articles".* FROM "articles"[0m
  Rendered articles/index.html.erb within layouts/application (10.5ms)
Completed 200 OK in 26ms (Views: 23.8ms | ActiveRecord: 0.2ms)


Started GET "/articles" for 127.0.0.1 at 2018-01-25 01:18:42 -0800
Processing by ArticlesController#index as HTML
  Rendering articles/index.html.erb within layouts/application
  [1m[36mArticle Load (0.1ms)[0m  [1m[34mSELECT "articles".* FROM "articles"[0m
  Rendered articles/index.html.erb within layouts/application (12.4ms)
Completed 200 OK in 33ms (Views: 31.2ms | ActiveRecord: 0.1ms)


Started GET "/articles/3" for 127.0.0.1 at 2018-01-25 01:25:55 -0800
Processing by ArticlesController#show as HTML
  Parameters: {"id"=>"3"}
  [1m[36mArticle Load (0.2ms)[0m  [1m[34mSELECT  "articles".* FROM "articles" WHERE "articles"."id" = ? LIMIT ?[0m  [["id", 3], ["LIMIT", 1]]
  Rendering articles/show.html.erb within layouts/application
  [1m[36mComment Load (0.2ms)[0m  [1m[34mSELECT "comments".* FROM "comments" WHERE "comments"."article_id" = ?[0m  [["article_id", 3]]
  Rendered collection of templates [0 times] (0.0ms)
  Rendered comments/_form.html.erb (11.4ms)
  Rendered articles/show.html.erb within layouts/application (38.4ms)
Completed 200 OK in 64ms (Views: 60.9ms | ActiveRecord: 0.4ms)


Started GET "/articles" for 127.0.0.1 at 2018-01-25 01:30:23 -0800
Processing by ArticlesController#index as HTML
  Rendering articles/index.html.erb within layouts/application
  [1m[36mArticle Load (0.4ms)[0m  [1m[34mSELECT "articles".* FROM "articles"[0m
  Rendered articles/index.html.erb within layouts/application (40.7ms)
Completed 200 OK in 92ms (Views: 88.3ms | ActiveRecord: 0.4ms)


Started GET "/articles/3/edit" for 127.0.0.1 at 2018-01-25 01:30:26 -0800
Processing by ArticlesController#edit as HTML
  Parameters: {"id"=>"3"}
  [1m[36mArticle Load (0.1ms)[0m  [1m[34mSELECT  "articles".* FROM "articles" WHERE "articles"."id" = ? LIMIT ?[0m  [["id", 3], ["LIMIT", 1]]
  Rendering articles/edit.html.erb within layouts/application
  Rendered articles/_form.html.erb (31.7ms)
  Rendered articles/edit.html.erb within layouts/application (43.7ms)
Completed 200 OK in 66ms (Views: 62.3ms | ActiveRecord: 0.1ms)


Started GET "/articles" for 127.0.0.1 at 2018-01-25 01:30:29 -0800
Processing by ArticlesController#index as HTML
  Rendering articles/index.html.erb within layouts/application
  [1m[36mArticle Load (0.3ms)[0m  [1m[34mSELECT "articles".* FROM "articles"[0m
  Rendered articles/index.html.erb within layouts/application (70.5ms)
Completed 200 OK in 104ms (Views: 102.0ms | ActiveRecord: 0.3ms)


Started GET "/articles/new" for 127.0.0.1 at 2018-01-25 01:30:31 -0800
Processing by ArticlesController#new as HTML
  Rendering articles/new.html.erb within layouts/application
  Rendered articles/_form.html.erb (7.5ms)
  Rendered articles/new.html.erb within layouts/application (34.1ms)
Completed 200 OK in 56ms (Views: 50.9ms | ActiveRecord: 0.0ms)


Started GET "/articles" for 127.0.0.1 at 2018-01-25 01:30:34 -0800
Processing by ArticlesController#index as HTML
  Rendering articles/index.html.erb within layouts/application
  [1m[36mArticle Load (0.2ms)[0m  [1m[34mSELECT "articles".* FROM "articles"[0m
  Rendered articles/index.html.erb within layouts/application (21.8ms)
Completed 200 OK in 81ms (Views: 78.7ms | ActiveRecord: 0.2ms)


Started GET "/articles/3" for 127.0.0.1 at 2018-01-25 01:30:35 -0800
Processing by ArticlesController#show as HTML
  Parameters: {"id"=>"3"}
  [1m[36mArticle Load (0.1ms)[0m  [1m[34mSELECT  "articles".* FROM "articles" WHERE "articles"."id" = ? LIMIT ?[0m  [["id", 3], ["LIMIT", 1]]
  Rendering articles/show.html.erb within layouts/application
  [1m[36mComment Load (0.2ms)[0m  [1m[34mSELECT "comments".* FROM "comments" WHERE "comments"."article_id" = ?[0m  [["article_id", 3]]
  Rendered collection of templates [0 times] (0.0ms)
  Rendered comments/_form.html.erb (15.3ms)
  Rendered articles/show.html.erb within layouts/application (29.4ms)
Completed 200 OK in 61ms (Views: 58.3ms | ActiveRecord: 0.4ms)


Started GET "/articles/3" for 127.0.0.1 at 2018-01-25 01:37:57 -0800
Processing by ArticlesController#show as HTML
  Parameters: {"id"=>"3"}
  [1m[36mArticle Load (0.1ms)[0m  [1m[34mSELECT  "articles".* FROM "articles" WHERE "articles"."id" = ? LIMIT ?[0m  [["id", 3], ["LIMIT", 1]]
  Rendering articles/show.html.erb within layouts/application
  [1m[36mComment Load (0.1ms)[0m  [1m[34mSELECT "comments".* FROM "comments" WHERE "comments"."article_id" = ?[0m  [["article_id", 3]]
  Rendered collection of templates [0 times] (0.0ms)
  Rendered comments/_form.html.erb (3.8ms)
  Rendered articles/show.html.erb within layouts/application (19.9ms)
Completed 200 OK in 35ms (Views: 33.3ms | ActiveRecord: 0.2ms)


Started GET "/articles/3" for 127.0.0.1 at 2018-01-25 01:38:34 -0800
Processing by ArticlesController#show as HTML
  Parameters: {"id"=>"3"}
  [1m[36mArticle Load (0.1ms)[0m  [1m[34mSELECT  "articles".* FROM "articles" WHERE "articles"."id" = ? LIMIT ?[0m  [["id", 3], ["LIMIT", 1]]
  Rendering articles/show.html.erb within layouts/application
  [1m[36mComment Load (0.1ms)[0m  [1m[34mSELECT "comments".* FROM "comments" WHERE "comments"."article_id" = ?[0m  [["article_id", 3]]
  Rendered collection of templates [0 times] (0.0ms)
  Rendered comments/_form.html.erb (3.2ms)
  Rendered articles/show.html.erb within layouts/application (16.8ms)
Completed 200 OK in 31ms (Views: 29.3ms | ActiveRecord: 0.2ms)


Started GET "/articles/3" for 127.0.0.1 at 2018-01-25 01:38:36 -0800
Processing by ArticlesController#show as HTML
  Parameters: {"id"=>"3"}
  [1m[36mArticle Load (0.1ms)[0m  [1m[34mSELECT  "articles".* FROM "articles" WHERE "articles"."id" = ? LIMIT ?[0m  [["id", 3], ["LIMIT", 1]]
  Rendering articles/show.html.erb within layouts/application
  [1m[36mComment Load (0.1ms)[0m  [1m[34mSELECT "comments".* FROM "comments" WHERE "comments"."article_id" = ?[0m  [["article_id", 3]]
  Rendered collection of templates [0 times] (0.0ms)
  Rendered comments/_form.html.erb (3.6ms)
  Rendered articles/show.html.erb within layouts/application (10.2ms)
Completed 200 OK in 26ms (Views: 23.8ms | ActiveRecord: 0.2ms)


Started GET "/articles/3" for 127.0.0.1 at 2018-01-25 01:38:46 -0800
Processing by ArticlesController#show as HTML
  Parameters: {"id"=>"3"}
  [1m[36mArticle Load (0.1ms)[0m  [1m[34mSELECT  "articles".* FROM "articles" WHERE "articles"."id" = ? LIMIT ?[0m  [["id", 3], ["LIMIT", 1]]
  Rendering articles/show.html.erb within layouts/application
  [1m[36mComment Load (0.1ms)[0m  [1m[34mSELECT "comments".* FROM "comments" WHERE "comments"."article_id" = ?[0m  [["article_id", 3]]
  Rendered collection of templates [0 times] (0.0ms)
  Rendered comments/_form.html.erb (9.1ms)
  Rendered articles/show.html.erb within layouts/application (20.7ms)
Completed 200 OK in 37ms (Views: 34.4ms | ActiveRecord: 0.2ms)


Started GET "/articles/3" for 127.0.0.1 at 2018-01-25 01:38:57 -0800
Processing by ArticlesController#show as HTML
  Parameters: {"id"=>"3"}
  [1m[36mArticle Load (0.1ms)[0m  [1m[34mSELECT  "articles".* FROM "articles" WHERE "articles"."id" = ? LIMIT ?[0m  [["id", 3], ["LIMIT", 1]]
  Rendering articles/show.html.erb within layouts/application
  [1m[36mComment Load (0.1ms)[0m  [1m[34mSELECT "comments".* FROM "comments" WHERE "comments"."article_id" = ?[0m  [["article_id", 3]]
  Rendered collection of templates [0 times] (0.0ms)
  Rendered comments/_form.html.erb (4.3ms)
  Rendered articles/show.html.erb within layouts/application (19.3ms)
Completed 200 OK in 36ms (Views: 34.4ms | ActiveRecord: 0.2ms)


Started GET "/articles/3" for 127.0.0.1 at 2018-01-25 01:39:14 -0800
Processing by ArticlesController#show as HTML
  Parameters: {"id"=>"3"}
  [1m[36mArticle Load (0.1ms)[0m  [1m[34mSELECT  "articles".* FROM "articles" WHERE "articles"."id" = ? LIMIT ?[0m  [["id", 3], ["LIMIT", 1]]
  Rendering articles/show.html.erb within layouts/application
  [1m[36mComment Load (0.1ms)[0m  [1m[34mSELECT "comments".* FROM "comments" WHERE "comments"."article_id" = ?[0m  [["article_id", 3]]
  Rendered collection of templates [0 times] (0.0ms)
  Rendered comments/_form.html.erb (4.0ms)
  Rendered articles/show.html.erb within layouts/application (15.7ms)
Completed 200 OK in 31ms (Views: 28.8ms | ActiveRecord: 0.2ms)


Started GET "/articles" for 127.0.0.1 at 2018-01-25 01:40:02 -0800
Processing by ArticlesController#index as HTML
  Rendering articles/index.html.erb within layouts/application
  [1m[36mArticle Load (0.2ms)[0m  [1m[34mSELECT "articles".* FROM "articles"[0m
  Rendered articles/index.html.erb within layouts/application (24.2ms)
Completed 200 OK in 60ms (Views: 55.3ms | ActiveRecord: 0.2ms)


Started DELETE "/articles/3" for 127.0.0.1 at 2018-01-25 01:40:07 -0800
Processing by ArticlesController#destroy as HTML
  Parameters: {"authenticity_token"=>"dLPRiQK9xOAiuphPpg5LWAR1fJbYBuq19wS/zeJ+s3lzcQJMKKBfeBap/oq3mCd2jK+RweFZlnHqCpdMbB/ysA==", "id"=>"3"}
  [1m[36mArticle Load (0.2ms)[0m  [1m[34mSELECT  "articles".* FROM "articles" WHERE "articles"."id" = ? LIMIT ?[0m  [["id", 3], ["LIMIT", 1]]
  [1m[35m (0.1ms)[0m  [1m[36mbegin transaction[0m
  [1m[36mComment Load (0.2ms)[0m  [1m[34mSELECT "comments".* FROM "comments" WHERE "comments"."article_id" = ?[0m  [["article_id", 3]]
  [1m[35mSQL (2.2ms)[0m  [1m[31mDELETE FROM "articles" WHERE "articles"."id" = ?[0m  [["id", 3]]
  [1m[35m (9.6ms)[0m  [1m[36mcommit transaction[0m
Redirected to http://localhost:3000/articles
Completed 302 Found in 18ms (ActiveRecord: 12.3ms)


Started GET "/articles" for 127.0.0.1 at 2018-01-25 01:40:07 -0800
Processing by ArticlesController#index as HTML
  Rendering articles/index.html.erb within layouts/application
  [1m[36mArticle Load (0.1ms)[0m  [1m[34mSELECT "articles".* FROM "articles"[0m
  Rendered articles/index.html.erb within layouts/application (10.2ms)
Completed 200 OK in 25ms (Views: 23.8ms | ActiveRecord: 0.1ms)


Started DELETE "/articles/5" for 127.0.0.1 at 2018-01-25 01:40:10 -0800
Processing by ArticlesController#destroy as HTML
  Parameters: {"authenticity_token"=>"1Rly2RaPzqyJODrn3L7H+QxqoAEyBU1R3dFDuhiqxNTS26EcPJJVNL0rXCLNKKvXhLBNVgtaMZXA32s7lsuFHQ==", "id"=>"5"}
  [1m[36mArticle Load (0.1ms)[0m  [1m[34mSELECT  "articles".* FROM "articles" WHERE "articles"."id" = ? LIMIT ?[0m  [["id", 5], ["LIMIT", 1]]
  [1m[35m (0.1ms)[0m  [1m[36mbegin transaction[0m
  [1m[36mComment Load (0.3ms)[0m  [1m[34mSELECT "comments".* FROM "comments" WHERE "comments"."article_id" = ?[0m  [["article_id", 5]]
  [1m[35mSQL (0.3ms)[0m  [1m[31mDELETE FROM "comments" WHERE "comments"."id" = ?[0m  [["id", 2]]
  [1m[35mSQL (0.1ms)[0m  [1m[31mDELETE FROM "articles" WHERE "articles"."id" = ?[0m  [["id", 5]]
  [1m[35m (1.3ms)[0m  [1m[36mcommit transaction[0m
Redirected to http://localhost:3000/articles
Completed 302 Found in 8ms (ActiveRecord: 2.2ms)


Started GET "/articles" for 127.0.0.1 at 2018-01-25 01:40:10 -0800
Processing by ArticlesController#index as HTML
  Rendering articles/index.html.erb within layouts/application
  [1m[36mArticle Load (0.1ms)[0m  [1m[34mSELECT "articles".* FROM "articles"[0m
  Rendered articles/index.html.erb within layouts/application (6.9ms)
Completed 200 OK in 25ms (Views: 22.3ms | ActiveRecord: 0.1ms)


Started GET "/articles/new" for 127.0.0.1 at 2018-01-25 01:40:12 -0800
Processing by ArticlesController#new as HTML
  Rendering articles/new.html.erb within layouts/application
  Rendered articles/_form.html.erb (7.3ms)
  Rendered articles/new.html.erb within layouts/application (32.0ms)
Completed 200 OK in 64ms (Views: 59.3ms | ActiveRecord: 0.0ms)


Started POST "/articles" for 127.0.0.1 at 2018-01-25 01:40:53 -0800
Processing by ArticlesController#create as HTML
  Parameters: {"utf8"=>"✓", "authenticity_token"=>"xZ5GCI4QrRs+WcqxodDn5YUmuUwDPO8ayDRio8aiXj2FcOqmOEx+G2oC6A3q5AmWrRal6Q/UXx5lvfoaTdEVrw==", "article"=>{"title"=>"Sample Blog Title", "text"=>"Lorem ipsum dolor sit amet, consectetur adipiscing elit. Donec accumsan risus feugiat fringilla cursus. Donec sapien sem, ultricies id mauris eu, semper posuere mi. Integer et feugiat sapien. Nulla a quam pulvinar, semper arcu sed, dapibus tellus. Sed faucibus erat id augue vestibulum suscipit. Nulla id placerat est, vitae cursus lectus. Curabitur finibus, nunc ac commodo consectetur, leo enim pharetra ligula, at lobortis mi neque a nisi. In quis venenatis mauris. Ut accumsan, velit sed finibus finibus, metus tortor porta ante, in laoreet nisi mi eget arcu. Maecenas id euismod neque. Fusce commodo enim eu eros vestibulum facilisis. Praesent non pretium nisl, tempor elementum lacus. Suspendisse id rhoncus enim, ac vehicula leo. Etiam velit neque, mollis quis augue id, lobortis suscipit augue. Mauris gravida quis purus at elementum."}, "commit"=>"Create Article"}
  [1m[35m (0.1ms)[0m  [1m[36mbegin transaction[0m
  [1m[35mSQL (0.6ms)[0m  [1m[32mINSERT INTO "articles" ("title", "text", "created_at", "updated_at") VALUES (?, ?, ?, ?)[0m  [["title", "Sample Blog Title"], ["text", "Lorem ipsum dolor sit amet, consectetur adipiscing elit. Donec accumsan risus feugiat fringilla cursus. Donec sapien sem, ultricies id mauris eu, semper posuere mi. Integer et feugiat sapien. Nulla a quam pulvinar, semper arcu sed, dapibus tellus. Sed faucibus erat id augue vestibulum suscipit. Nulla id placerat est, vitae cursus lectus. Curabitur finibus, nunc ac commodo consectetur, leo enim pharetra ligula, at lobortis mi neque a nisi. In quis venenatis mauris. Ut accumsan, velit sed finibus finibus, metus tortor porta ante, in laoreet nisi mi eget arcu. Maecenas id euismod neque. Fusce commodo enim eu eros vestibulum facilisis. Praesent non pretium nisl, tempor elementum lacus. Suspendisse id rhoncus enim, ac vehicula leo. Etiam velit neque, mollis quis augue id, lobortis suscipit augue. Mauris gravida quis purus at elementum."], ["created_at", "2018-01-25 09:40:53.009445"], ["updated_at", "2018-01-25 09:40:53.009445"]]
  [1m[35m (1.1ms)[0m  [1m[36mcommit transaction[0m
Redirected to http://localhost:3000/articles/6
Completed 302 Found in 10ms (ActiveRecord: 1.7ms)


Started GET "/articles/6" for 127.0.0.1 at 2018-01-25 01:40:53 -0800
Processing by ArticlesController#show as HTML
  Parameters: {"id"=>"6"}
  [1m[36mArticle Load (0.1ms)[0m  [1m[34mSELECT  "articles".* FROM "articles" WHERE "articles"."id" = ? LIMIT ?[0m  [["id", 6], ["LIMIT", 1]]
  Rendering articles/show.html.erb within layouts/application
  [1m[36mComment Load (0.1ms)[0m  [1m[34mSELECT "comments".* FROM "comments" WHERE "comments"."article_id" = ?[0m  [["article_id", 6]]
  Rendered collection of templates [0 times] (0.0ms)
  Rendered comments/_form.html.erb (3.2ms)
  Rendered articles/show.html.erb within layouts/application (10.6ms)
Completed 200 OK in 26ms (Views: 24.5ms | ActiveRecord: 0.2ms)


Started GET "/articles" for 127.0.0.1 at 2018-01-25 01:41:00 -0800
Processing by ArticlesController#index as HTML
  Rendering articles/index.html.erb within layouts/application
  [1m[36mArticle Load (0.2ms)[0m  [1m[34mSELECT "articles".* FROM "articles"[0m
  Rendered articles/index.html.erb within layouts/application (19.2ms)
Completed 200 OK in 68ms (Views: 65.5ms | ActiveRecord: 0.2ms)


Started GET "/articles/6/edit" for 127.0.0.1 at 2018-01-25 01:41:19 -0800
Processing by ArticlesController#edit as HTML
  Parameters: {"id"=>"6"}
  [1m[36mArticle Load (0.6ms)[0m  [1m[34mSELECT  "articles".* FROM "articles" WHERE "articles"."id" = ? LIMIT ?[0m  [["id", 6], ["LIMIT", 1]]
  Rendering articles/edit.html.erb within layouts/application
  Rendered articles/_form.html.erb (9.7ms)
  Rendered articles/edit.html.erb within layouts/application (36.0ms)
Completed 200 OK in 62ms (Views: 56.0ms | ActiveRecord: 0.6ms)


Started PATCH "/articles/6" for 127.0.0.1 at 2018-01-25 01:41:28 -0800
Processing by ArticlesController#update as HTML
  Parameters: {"utf8"=>"✓", "authenticity_token"=>"DJSUc+luMDd8wzX2vEcFQTc++c7MKbKIwB8DV/c17x3GEhY438MMot+bwVyJRM58zVxVBZs+0JXsAXqYLDeBtg==", "article"=>{"title"=>"Sample Blog Title", "text"=>"Lorem ipsum dolor sit "}, "commit"=>"Update Article", "id"=>"6"}
  [1m[36mArticle Load (0.1ms)[0m  [1m[34mSELECT  "articles".* FROM "articles" WHERE "articles"."id" = ? LIMIT ?[0m  [["id", 6], ["LIMIT", 1]]
  [1m[35m (0.1ms)[0m  [1m[36mbegin transaction[0m
  [1m[35mSQL (0.4ms)[0m  [1m[33mUPDATE "articles" SET "text" = ?, "updated_at" = ? WHERE "articles"."id" = ?[0m  [["text", "Lorem ipsum dolor sit "], ["updated_at", "2018-01-25 09:41:28.486332"], ["id", 6]]
  [1m[35m (0.6ms)[0m  [1m[36mcommit transaction[0m
Redirected to http://localhost:3000/articles/6
Completed 302 Found in 9ms (ActiveRecord: 1.2ms)


Started GET "/articles/6" for 127.0.0.1 at 2018-01-25 01:41:28 -0800
Processing by ArticlesController#show as HTML
  Parameters: {"id"=>"6"}
  [1m[36mArticle Load (0.1ms)[0m  [1m[34mSELECT  "articles".* FROM "articles" WHERE "articles"."id" = ? LIMIT ?[0m  [["id", 6], ["LIMIT", 1]]
  Rendering articles/show.html.erb within layouts/application
  [1m[36mComment Load (0.1ms)[0m  [1m[34mSELECT "comments".* FROM "comments" WHERE "comments"."article_id" = ?[0m  [["article_id", 6]]
  Rendered collection of templates [0 times] (0.0ms)
  Rendered comments/_form.html.erb (3.4ms)
  Rendered articles/show.html.erb within layouts/application (11.3ms)
Completed 200 OK in 27ms (Views: 25.1ms | ActiveRecord: 0.2ms)


Started GET "/articles" for 127.0.0.1 at 2018-01-25 01:41:32 -0800
Processing by ArticlesController#index as HTML
  Rendering articles/index.html.erb within layouts/application
  [1m[36mArticle Load (0.2ms)[0m  [1m[34mSELECT "articles".* FROM "articles"[0m
  Rendered articles/index.html.erb within layouts/application (17.6ms)
Completed 200 OK in 51ms (Views: 48.6ms | ActiveRecord: 0.2ms)


Started GET "/articles/new" for 127.0.0.1 at 2018-01-25 01:41:37 -0800
Processing by ArticlesController#new as HTML
  Rendering articles/new.html.erb within layouts/application
  Rendered articles/_form.html.erb (6.1ms)
  Rendered articles/new.html.erb within layouts/application (18.8ms)
Completed 200 OK in 70ms (Views: 67.2ms | ActiveRecord: 0.0ms)


Started POST "/articles" for 127.0.0.1 at 2018-01-25 01:41:52 -0800
Processing by ArticlesController#create as HTML
  Parameters: {"utf8"=>"✓", "authenticity_token"=>"mjqMONfDyxHJqtTGi/wunhQ+0KwAw3m6Gu/eLyfpymna1CCWYZ8YEZ3x9nrAyMDtPA7MCQwryb63ZkaWrJqB+w==", "article"=>{"title"=>"Introduction", "text"=>"Hello, my name is Emily Gosti."}, "commit"=>"Create Article"}
  [1m[35m (0.1ms)[0m  [1m[36mbegin transaction[0m
  [1m[35mSQL (0.6ms)[0m  [1m[32mINSERT INTO "articles" ("title", "text", "created_at", "updated_at") VALUES (?, ?, ?, ?)[0m  [["title", "Introduction"], ["text", "Hello, my name is Emily Gosti."], ["created_at", "2018-01-25 09:41:52.293240"], ["updated_at", "2018-01-25 09:41:52.293240"]]
  [1m[35m (0.9ms)[0m  [1m[36mcommit transaction[0m
Redirected to http://localhost:3000/articles/7
Completed 302 Found in 7ms (ActiveRecord: 1.6ms)


Started GET "/articles/7" for 127.0.0.1 at 2018-01-25 01:41:52 -0800
Processing by ArticlesController#show as HTML
  Parameters: {"id"=>"7"}
  [1m[36mArticle Load (0.2ms)[0m  [1m[34mSELECT  "articles".* FROM "articles" WHERE "articles"."id" = ? LIMIT ?[0m  [["id", 7], ["LIMIT", 1]]
  Rendering articles/show.html.erb within layouts/application
  [1m[36mComment Load (0.1ms)[0m  [1m[34mSELECT "comments".* FROM "comments" WHERE "comments"."article_id" = ?[0m  [["article_id", 7]]
  Rendered collection of templates [0 times] (0.0ms)
  Rendered comments/_form.html.erb (3.3ms)
  Rendered articles/show.html.erb within layouts/application (9.7ms)
Completed 200 OK in 25ms (Views: 22.3ms | ActiveRecord: 0.3ms)


Started GET "/articles" for 127.0.0.1 at 2018-01-25 01:41:55 -0800
Processing by ArticlesController#index as HTML
  Rendering articles/index.html.erb within layouts/application
  [1m[36mArticle Load (0.2ms)[0m  [1m[34mSELECT "articles".* FROM "articles"[0m
  Rendered articles/index.html.erb within layouts/application (16.5ms)
Completed 200 OK in 69ms (Views: 67.3ms | ActiveRecord: 0.2ms)


